2024-02-09 08:43:46,423 [INFO] Activator:176 - 


2024-02-09 08:43:46,425 [INFO] Activator:177 - !SESSION log4j initialized
2024-02-09 08:43:46,546 [ERROR] LogOutputStream:75 - [STDERR_REDIRECT] SWT Webkit: Warning, You are using an old version of webkitgtk. (pre 2.4) BrowserFunction functionality will not be available
2024-02-09 08:43:46,547 [ERROR] LogOutputStream:75 - [STDERR_REDIRECT] SWT WebKit: error initializing DBus server, dBusServer == 0
2024-02-09 08:43:47,928 [INFO] LogOutputStream:77 - [STDOUT_REDIRECT] 
2024-02-09 08:44:08,970 [ERROR] LogOutputStream:75 - [STDERR_REDIRECT] SLF4J: Failed to load class "org.slf4j.impl.StaticLoggerBinder".
2024-02-09 08:44:08,970 [ERROR] LogOutputStream:75 - [STDERR_REDIRECT] SLF4J: Defaulting to no-operation (NOP) logger implementation
2024-02-09 08:44:08,971 [ERROR] LogOutputStream:75 - [STDERR_REDIRECT] SLF4J: See http://www.slf4j.org/codes.html#StaticLoggerBinder for further details.
2024-02-09 08:44:11,357 [INFO] ApplicationProperties:184 - Using Application install path: /app/stm32cubeide/plugins/com.st.stm32cube.common.mx_6.8.0.202302231600
2024-02-09 08:44:11,373 [INFO] DbMcusXml:78 - Set database path to: /app/stm32cubeide/plugins/com.st.stm32cube.common.mx_6.8.0.202302231600//db//mcu/
2024-02-09 08:44:11,374 [INFO] ApiDb:274 - Set plugin database path to: /app/stm32cubeide/plugins/com.st.stm32cube.common.mx_6.8.0.202302231600//db//plugins/boardmanager/
2024-02-09 08:44:11,376 [WARN] ApiDb:259 - Overriding images path with different value:  => /app/stm32cubeide/plugins/com.st.stm32cube.common.mx_6.8.0.202302231600//db//plugins/mcufinder/images/
2024-02-09 08:44:12,028 [WARN] ApiFinderProperties:113 - /home/eleve/.stmcufinder/plugins/mcufinder/mcu/mcuFinder.mfd doesn't exist
2024-02-09 08:44:12,028 [INFO] ApiDb:250 - Set database path to: /home/eleve/.stmcufinder/plugins/mcufinder//mcu/
2024-02-09 08:44:12,030 [INFO] DbMcusAds:125 - Set database path to: /home/eleve/.stmcufinder/plugins/mcufinder//mcu/
2024-02-09 08:44:12,034 [INFO] CrossReferenceDbSqlite:203 - Set database path to: /home/eleve/.stmcufinder/plugins/mcufinder//mcu/cs/
2024-02-09 08:44:12,132 [INFO] RulesReader:64 - Compatibility file has been processed (293 Rules)
2024-02-09 08:44:12,182 [INFO] DbMcusXml:78 - Set database path to: /app/stm32cubeide/plugins/com.st.stm32cube.common.mx_6.8.0.202302231600//db//mcu/
2024-02-09 08:44:12,182 [INFO] ApiDb:274 - Set plugin database path to: /app/stm32cubeide/plugins/com.st.stm32cube.common.mx_6.8.0.202302231600//db//plugins/boardmanager/
2024-02-09 08:44:12,182 [INFO] ApiDb:261 - Set plugin images path to: /app/stm32cubeide/plugins/com.st.stm32cube.common.mx_6.8.0.202302231600//db//plugins/mcufinder/images/
2024-02-09 08:44:12,182 [WARN] DbFile:41 - Overriding database path with different value: /home/eleve/.stmcufinder/plugins/mcufinder/ => /home/eleve/.stmcufinder/plugins/mcufinder
2024-02-09 08:44:12,182 [INFO] ApiDb:250 - Set database path to: /home/eleve/.stmcufinder/plugins/mcufinder//mcu/
2024-02-09 08:44:12,183 [WARN] DbFile:41 - Overriding database path with different value: /home/eleve/.stmcufinder/plugins/mcufinder/ => /home/eleve/.stmcufinder/plugins/mcufinder
2024-02-09 08:44:12,183 [INFO] DbMcusAds:125 - Set database path to: /home/eleve/.stmcufinder/plugins/mcufinder//mcu/
2024-02-09 08:44:12,183 [WARN] DbFile:41 - Overriding database path with different value: /home/eleve/.stmcufinder/plugins/mcufinder/ => /home/eleve/.stmcufinder/plugins/mcufinder
2024-02-09 08:44:12,183 [WARN] DbFile:41 - Overriding database path with different value: /home/eleve/.stmcufinder/plugins/mcufinder/ => /home/eleve/.stmcufinder/plugins/mcufinder
2024-02-09 08:44:12,183 [INFO] CrossReferenceDbSqlite:203 - Set database path to: /home/eleve/.stmcufinder/plugins/mcufinder//mcu/cs/
2024-02-09 08:44:12,249 [INFO] MainPanel:253 - HeapMemory: 268435456
2024-02-09 08:44:12,349 [INFO] DbMcusXml:78 - Set database path to: /app/stm32cubeide/plugins/com.st.stm32cube.common.mx_6.8.0.202302231600//db//mcu/
2024-02-09 08:44:12,349 [INFO] ApiDb:274 - Set plugin database path to: /app/stm32cubeide/plugins/com.st.stm32cube.common.mx_6.8.0.202302231600//db//plugins/boardmanager/
2024-02-09 08:44:12,349 [INFO] ApiDb:261 - Set plugin images path to: /app/stm32cubeide/plugins/com.st.stm32cube.common.mx_6.8.0.202302231600//db//plugins/mcufinder/images/
2024-02-09 08:44:12,350 [WARN] DbFile:41 - Overriding database path with different value: /home/eleve/.stmcufinder/plugins/mcufinder/ => /home/eleve/.stmcufinder/plugins/mcufinder
2024-02-09 08:44:12,350 [INFO] ApiDb:250 - Set database path to: /home/eleve/.stmcufinder/plugins/mcufinder//mcu/
2024-02-09 08:44:12,350 [WARN] DbFile:41 - Overriding database path with different value: /home/eleve/.stmcufinder/plugins/mcufinder/ => /home/eleve/.stmcufinder/plugins/mcufinder
2024-02-09 08:44:12,350 [INFO] DbMcusAds:125 - Set database path to: /home/eleve/.stmcufinder/plugins/mcufinder//mcu/
2024-02-09 08:44:12,350 [WARN] DbFile:41 - Overriding database path with different value: /home/eleve/.stmcufinder/plugins/mcufinder/ => /home/eleve/.stmcufinder/plugins/mcufinder
2024-02-09 08:44:12,350 [WARN] DbFile:41 - Overriding database path with different value: /home/eleve/.stmcufinder/plugins/mcufinder/ => /home/eleve/.stmcufinder/plugins/mcufinder
2024-02-09 08:44:12,351 [INFO] CrossReferenceDbSqlite:203 - Set database path to: /home/eleve/.stmcufinder/plugins/mcufinder//mcu/cs/
2024-02-09 08:44:12,369 [INFO] ApplicationProperties:184 - Using Application install path: /app/stm32cubeide/plugins/com.st.stm32cube.common.mx_6.8.0.202302231600
2024-02-09 08:44:12,370 [INFO] PluginManage:196 - Search for loadable plugins [exclusion list=, ]
2024-02-09 08:44:12,371 [INFO] PluginManage:310 - Check plugin analytics
2024-02-09 08:44:12,515 [INFO] AnalyticsPlugin:253 - Accepted Software Licenses: 
2024-02-09 08:44:12,516 [INFO] AnalyticsPlugin:255 - Accepted CMSIS Pack Licenses: 
2024-02-09 08:44:12,516 [INFO] AnalyticsPlugin:257 - Accepted Firmware Licenses: 
2024-02-09 08:44:12,522 [INFO] PluginManage:359 - Loaded plugin analytics (category:tool,tabindex:-1)
2024-02-09 08:44:12,522 [INFO] PluginManage:310 - Check plugin cadmodel
2024-02-09 08:44:12,603 [INFO] CADModel:105 - Init CAD model plugin
2024-02-09 08:44:12,603 [INFO] PluginManage:359 - Loaded plugin cadmodel (category:power,tabindex:5)
2024-02-09 08:44:12,603 [INFO] PluginManage:310 - Check plugin clock
2024-02-09 08:44:12,612 [INFO] PluginManage:359 - Loaded plugin clock (category:base,tabindex:2)
2024-02-09 08:44:12,613 [INFO] PluginManage:310 - Check plugin ddr
2024-02-09 08:44:12,615 [INFO] PluginManage:359 - Loaded plugin ddr (category:tool,tabindex:6)
2024-02-09 08:44:12,616 [INFO] PluginManage:310 - Check plugin filemanager
2024-02-09 08:44:12,745 [INFO] PluginManage:359 - Loaded plugin filemanager (category:base,tabindex:10)
2024-02-09 08:44:12,745 [INFO] PluginManage:310 - Check plugin ipmanager
2024-02-09 08:44:12,751 [INFO] PluginManage:359 - Loaded plugin ipmanager (category:base,tabindex:5)
2024-02-09 08:44:12,751 [INFO] PluginManage:310 - Check plugin lpbam
2024-02-09 08:44:12,761 [INFO] PluginManage:359 - Loaded plugin lpbam (category:base,tabindex:0)
2024-02-09 08:44:12,761 [INFO] PluginManage:310 - Check plugin pinoutandconfiguration
2024-02-09 08:44:12,769 [INFO] PluginManage:359 - Loaded plugin pinoutandconfiguration (category:base,tabindex:1)
2024-02-09 08:44:12,769 [INFO] PluginManage:310 - Check plugin pinoutconfig
2024-02-09 08:44:12,828 [WARN] SupportedApi:132 - Cannot load RTOS API schema: s4s-elt-must-match.1: The content of 'definitions' must match (annotation?, (simpleType | complexType)?, (unique | key | keyref)*)). A problem was found starting at: attribute.
2024-02-09 08:44:12,965 [INFO] PluginManage:359 - Loaded plugin pinoutconfig (category:base,tabindex:0)
2024-02-09 08:44:12,965 [INFO] PluginManage:310 - Check plugin power
2024-02-09 08:44:12,975 [INFO] PluginManage:359 - Loaded plugin power (category:power,tabindex:4)
2024-02-09 08:44:12,975 [INFO] PluginManage:310 - Check plugin projectmanager
2024-02-09 08:44:12,988 [INFO] PluginManage:359 - Loaded plugin projectmanager (category:projectmanager,tabindex:3)
2024-02-09 08:44:12,988 [INFO] PluginManage:310 - Check plugin thirdparty
2024-02-09 08:44:13,078 [INFO] PluginManage:359 - Loaded plugin thirdparty (category:base,tabindex:-1)
2024-02-09 08:44:13,078 [WARN] IntegrityCheckThread:84 - waiting for thirdparty lock release [integrity check]
2024-02-09 08:44:13,078 [INFO] PluginManage:310 - Check plugin tools
2024-02-09 08:44:13,078 [INFO] IntegrityCheckThread:86 - entering critical section [integrity check]
2024-02-09 08:44:13,080 [INFO] ThirdPartyUpdaterWithRetryManager:70 - Updater plugin not ready yet. [1/15]
2024-02-09 08:44:13,080 [INFO] PluginManage:359 - Loaded plugin tools (category:base,tabindex:7)
2024-02-09 08:44:13,081 [INFO] PluginManage:310 - Check plugin tutovideos
2024-02-09 08:44:13,286 [INFO] PluginManage:359 - Loaded plugin tutovideos (category:base,tabindex:-1)
2024-02-09 08:44:13,286 [INFO] PluginManage:310 - Check plugin updater
2024-02-09 08:44:13,300 [INFO] PluginManage:359 - Loaded plugin updater (category:base,tabindex:12)
2024-02-09 08:44:13,300 [INFO] PluginManage:283 - PluginManage : Loaded plugins [15]
2024-02-09 08:44:13,465 [INFO] PinOutPanel:1499 - setPackage(No Configuration,No Configuration)
2024-02-09 08:44:13,519 [INFO] CADModel:165 - CPN selected for project level
2024-02-09 08:44:13,520 [INFO] CADModel:114 - Register for checkConnection events
2024-02-09 08:44:13,545 [INFO] IPUIPlugin:80 - create IPUIPlugin
2024-02-09 08:44:13,545 [INFO] PluginManager:220 - loadIPPluginJar : add adc
2024-02-09 08:44:13,548 [INFO] IPUIPlugin:80 - create IPUIPlugin
2024-02-09 08:44:13,549 [INFO] PluginManager:220 - loadIPPluginJar : add aes
2024-02-09 08:44:13,552 [INFO] IPUIPlugin:80 - create IPUIPlugin
2024-02-09 08:44:13,552 [INFO] PluginManager:220 - loadIPPluginJar : add can
2024-02-09 08:44:13,554 [INFO] IPUIPlugin:80 - create IPUIPlugin
2024-02-09 08:44:13,554 [INFO] PluginManager:220 - loadIPPluginJar : add comp
2024-02-09 08:44:13,557 [INFO] IPUIPlugin:80 - create IPUIPlugin
2024-02-09 08:44:13,557 [INFO] PluginManager:220 - loadIPPluginJar : add cryp
2024-02-09 08:44:13,559 [INFO] IPUIPlugin:80 - create IPUIPlugin
2024-02-09 08:44:13,560 [INFO] PluginManager:220 - loadIPPluginJar : add dfsdm
2024-02-09 08:44:13,566 [INFO] IPUIPlugin:80 - create IPUIPlugin
2024-02-09 08:44:13,566 [INFO] PluginManager:220 - loadIPPluginJar : add dma
2024-02-09 08:44:13,569 [INFO] IPUIPlugin:80 - create IPUIPlugin
2024-02-09 08:44:13,569 [INFO] PluginManager:220 - loadIPPluginJar : add dma3
2024-02-09 08:44:13,570 [INFO] IPUIPlugin:80 - create IPUIPlugin
2024-02-09 08:44:13,570 [INFO] PluginManager:220 - loadIPPluginJar : add fatfs
2024-02-09 08:44:13,574 [INFO] IPUIPlugin:80 - create IPUIPlugin
2024-02-09 08:44:13,575 [INFO] PluginManager:220 - loadIPPluginJar : add fmc
2024-02-09 08:44:13,581 [INFO] IPUIPlugin:80 - create IPUIPlugin
2024-02-09 08:44:13,581 [INFO] PluginManager:220 - loadIPPluginJar : add freertos
2024-02-09 08:44:13,582 [INFO] IPUIPlugin:80 - create IPUIPlugin
2024-02-09 08:44:13,583 [INFO] PluginManager:220 - loadIPPluginJar : add genericplugin
2024-02-09 08:44:13,585 [INFO] IPUIPlugin:80 - create IPUIPlugin
2024-02-09 08:44:13,586 [INFO] PluginManager:220 - loadIPPluginJar : add gfxmmu
2024-02-09 08:44:13,592 [INFO] IPUIPlugin:80 - create IPUIPlugin
2024-02-09 08:44:13,592 [INFO] PluginManager:220 - loadIPPluginJar : add gic
2024-02-09 08:44:13,598 [INFO] IPUIPlugin:80 - create IPUIPlugin
2024-02-09 08:44:13,598 [INFO] PluginManager:220 - loadIPPluginJar : add gpio
2024-02-09 08:44:13,601 [INFO] IPUIPlugin:80 - create IPUIPlugin
2024-02-09 08:44:13,602 [INFO] PluginManager:220 - loadIPPluginJar : add gtzc
2024-02-09 08:44:13,605 [INFO] IPUIPlugin:80 - create IPUIPlugin
2024-02-09 08:44:13,605 [INFO] PluginManager:220 - loadIPPluginJar : add hash
2024-02-09 08:44:13,608 [INFO] IPUIPlugin:80 - create IPUIPlugin
2024-02-09 08:44:13,608 [INFO] PluginManager:220 - loadIPPluginJar : add i2c
2024-02-09 08:44:13,611 [INFO] IPUIPlugin:80 - create IPUIPlugin
2024-02-09 08:44:13,611 [INFO] PluginManager:220 - loadIPPluginJar : add i2s
2024-02-09 08:44:13,613 [INFO] IPUIPlugin:80 - create IPUIPlugin
2024-02-09 08:44:13,613 [INFO] PluginManager:220 - loadIPPluginJar : add i3c
2024-02-09 08:44:13,617 [INFO] IPUIPlugin:80 - create IPUIPlugin
2024-02-09 08:44:13,617 [INFO] PluginManager:220 - loadIPPluginJar : add ipddr
2024-02-09 08:44:13,624 [INFO] IPUIPlugin:80 - create IPUIPlugin
2024-02-09 08:44:13,624 [INFO] PluginManager:220 - loadIPPluginJar : add linkedlist
2024-02-09 08:44:13,627 [INFO] IPUIPlugin:80 - create IPUIPlugin
2024-02-09 08:44:13,627 [INFO] PluginManager:220 - loadIPPluginJar : add lorawan
2024-02-09 08:44:13,628 [INFO] IPUIPlugin:80 - create IPUIPlugin
2024-02-09 08:44:13,629 [INFO] PluginManager:220 - loadIPPluginJar : add ltdc
2024-02-09 08:44:13,635 [INFO] IPUIPlugin:80 - create IPUIPlugin
2024-02-09 08:44:13,635 [INFO] PluginManager:220 - loadIPPluginJar : add mdma
2024-02-09 08:44:13,639 [INFO] IPUIPlugin:80 - create IPUIPlugin
2024-02-09 08:44:13,639 [INFO] PluginManager:220 - loadIPPluginJar : add nvic
2024-02-09 08:44:13,642 [INFO] IPUIPlugin:80 - create IPUIPlugin
2024-02-09 08:44:13,642 [INFO] PluginManager:220 - loadIPPluginJar : add opamp
2024-02-09 08:44:13,644 [INFO] IPUIPlugin:80 - create IPUIPlugin
2024-02-09 08:44:13,644 [INFO] PluginManager:220 - loadIPPluginJar : add openamp
2024-02-09 08:44:13,647 [INFO] IPUIPlugin:80 - create IPUIPlugin
2024-02-09 08:44:13,647 [INFO] PluginManager:220 - loadIPPluginJar : add pdm2pcm
2024-02-09 08:44:13,654 [INFO] IPUIPlugin:80 - create IPUIPlugin
2024-02-09 08:44:13,656 [INFO] PluginManager:220 - loadIPPluginJar : add plateformsettings
2024-02-09 08:44:13,657 [INFO] IPUIPlugin:80 - create IPUIPlugin
2024-02-09 08:44:13,657 [INFO] PluginManager:220 - loadIPPluginJar : add quadspi
2024-02-09 08:44:13,661 [INFO] IPUIPlugin:80 - create IPUIPlugin
2024-02-09 08:44:13,661 [INFO] PluginManager:220 - loadIPPluginJar : add resmgrutility
2024-02-09 08:44:13,664 [INFO] IPUIPlugin:80 - create IPUIPlugin
2024-02-09 08:44:13,664 [INFO] PluginManager:220 - loadIPPluginJar : add sai
2024-02-09 08:44:13,666 [INFO] IPUIPlugin:80 - create IPUIPlugin
2024-02-09 08:44:13,666 [INFO] PluginManager:220 - loadIPPluginJar : add spi
2024-02-09 08:44:13,671 [INFO] IPUIPlugin:80 - create IPUIPlugin
2024-02-09 08:44:13,671 [INFO] PluginManager:220 - loadIPPluginJar : add stm32_wpan
2024-02-09 08:44:13,673 [INFO] IPUIPlugin:80 - create IPUIPlugin
2024-02-09 08:44:13,673 [INFO] PluginManager:220 - loadIPPluginJar : add tim
2024-02-09 08:44:13,676 [INFO] IPUIPlugin:80 - create IPUIPlugin
2024-02-09 08:44:13,676 [INFO] PluginManager:220 - loadIPPluginJar : add touchsensing
2024-02-09 08:44:13,678 [INFO] IPUIPlugin:80 - create IPUIPlugin
2024-02-09 08:44:13,678 [INFO] PluginManager:220 - loadIPPluginJar : add tracer_emb
2024-02-09 08:44:13,679 [INFO] IPUIPlugin:80 - create IPUIPlugin
2024-02-09 08:44:13,680 [INFO] PluginManager:220 - loadIPPluginJar : add ts
2024-02-09 08:44:13,681 [INFO] IPUIPlugin:80 - create IPUIPlugin
2024-02-09 08:44:13,681 [INFO] PluginManager:220 - loadIPPluginJar : add tsc
2024-02-09 08:44:13,682 [INFO] IPUIPlugin:80 - create IPUIPlugin
2024-02-09 08:44:13,683 [INFO] PluginManager:220 - loadIPPluginJar : add ucpd
2024-02-09 08:44:13,685 [INFO] IPUIPlugin:80 - create IPUIPlugin
2024-02-09 08:44:13,685 [INFO] PluginManager:220 - loadIPPluginJar : add usart
2024-02-09 08:44:13,688 [INFO] IPUIPlugin:80 - create IPUIPlugin
2024-02-09 08:44:13,688 [INFO] PluginManager:220 - loadIPPluginJar : add usbx
2024-02-09 08:44:13,792 [INFO] CADModel:165 - CPN selected for project level
2024-02-09 08:44:13,792 [INFO] CADModel:114 - Register for checkConnection events
2024-02-09 08:44:13,792 [FATAL] Updater:308 - Updater called before beeing initialized
2024-02-09 08:44:13,793 [ERROR] CADModel:125 - Updater not yet initialized, retry later 
2024-02-09 08:44:13,903 [INFO] CADModel:165 - CPN selected for project level
2024-02-09 08:44:13,904 [INFO] CADModel:114 - Register for checkConnection events
2024-02-09 08:44:13,904 [FATAL] Updater:308 - Updater called before beeing initialized
2024-02-09 08:44:13,904 [ERROR] CADModel:125 - Updater not yet initialized, retry later 
2024-02-09 08:44:13,907 [FATAL] Updater:308 - Updater called before beeing initialized
2024-02-09 08:44:13,994 [FATAL] Updater:308 - Updater called before beeing initialized
2024-02-09 08:44:14,002 [INFO] DbMcusAds:53 - JSON generation date=Thu Sep 30 08:55:09 CEST 2021 (1632984909247)
2024-02-09 08:44:14,003 [FATAL] Updater:308 - Updater called before beeing initialized
2024-02-09 08:44:14,046 [WARN] DetailPanel:346 - Failed to get advertising image, set to default
2024-02-09 08:44:14,145 [FATAL] Updater:308 - Updater called before beeing initialized
2024-02-09 08:44:14,147 [FATAL] Updater:308 - Updater called before beeing initialized
2024-02-09 08:44:14,147 [FATAL] Updater:308 - Updater called before beeing initialized
2024-02-09 08:44:14,147 [WARN] DetailPanel:346 - Failed to get advertising image, set to default
2024-02-09 08:44:14,148 [FATAL] Updater:308 - Updater called before beeing initialized
2024-02-09 08:44:14,178 [ERROR] Updater:1120 - MainUpdater not yet initialized. External WinMGr cannot be set.
2024-02-09 08:44:14,180 [INFO] Updater:1056 - Updater Version found : 6.8.0
2024-02-09 08:44:14,195 [INFO] ApplicationProperties:184 - Using Application install path: /app/stm32cubeide/plugins/com.st.stm32cube.common.mx_6.8.0.202302231600
2024-02-09 08:44:14,216 [INFO] MainUpdater:519 - Copy updater definitions from MX database
2024-02-09 08:44:14,232 [INFO] MainUpdater:552 - Copy flag file definitions from MX database
2024-02-09 08:44:14,233 [INFO] MainUpdater:568 - Copy thirdparty index definitions from MX database
2024-02-09 08:44:14,234 [INFO] MainUpdater:587 - Copy default thirdparty db definitions from MX database
2024-02-09 08:44:14,258 [INFO] MainUpdater:2854 - connection check result : 10
2024-02-09 08:44:14,258 [INFO] MainUpdater:3548 - Updater definition file requires update
2024-02-09 08:44:14,259 [INFO] MainUpdater:283 - Updater Check For Update Now.
2024-02-09 08:44:14,260 [INFO] MicroXplorer:498 - Change Database Version : DB.6.0.80
2024-02-09 08:44:14,269 [INFO] ServerAccessManage:473 - Download File updaters.zip
2024-02-09 08:44:14,306 [INFO] FileExtend:240 - Unzip File : updaters.zip
2024-02-09 08:44:14,306 [INFO] FileExtend:255 - Standard Zip Deflate
2024-02-09 08:44:14,443 [INFO] ServerAccessManage:473 - Download File PacksControlFlags.xml
2024-02-09 08:44:14,476 [INFO] ServerAccessManage:473 - Download File cubemx.pidx
2024-02-09 08:44:14,536 [INFO] ServerAccessManage:473 - Download File STMicroelectronics.FP-ATR-ASTRA1.pdsc
2024-02-09 08:44:14,568 [INFO] ServerAccessManage:473 - Download File STMicroelectronics.FP-ATR-SIGFOX1.pdsc
2024-02-09 08:44:14,587 [INFO] ServerAccessManage:473 - Download File STMicroelectronics.FP-SNS-FLIGHT1.pdsc
2024-02-09 08:44:14,617 [INFO] ServerAccessManage:473 - Download File STMicroelectronics.FP-SNS-MOTENV1.pdsc
2024-02-09 08:44:14,648 [INFO] ServerAccessManage:473 - Download File STMicroelectronics.FP-SNS-MOTENVWB1.pdsc
2024-02-09 08:44:14,671 [INFO] ServerAccessManage:473 - Download File STMicroelectronics.FP-SNS-SMARTAG2.pdsc
2024-02-09 08:44:14,688 [INFO] ServerAccessManage:473 - Download File STMicroelectronics.X-CUBE-AI.pdsc
2024-02-09 08:44:14,790 [INFO] ServerAccessManage:473 - Download File STMicroelectronics.X-CUBE-ALS.pdsc
2024-02-09 08:44:14,812 [INFO] ServerAccessManage:473 - Download File STMicroelectronics.X-CUBE-BLE1.pdsc
2024-02-09 08:44:14,910 [ERROR] ServerAccessManage:1089 - Problem, file not found on Server
2024-02-09 08:44:14,918 [INFO] ServerAccessManage:473 - Download File STMicroelectronics.X-CUBE-BLE2.pdsc
2024-02-09 08:44:14,977 [INFO] ServerAccessManage:473 - Download File STMicroelectronics.X-CUBE-BLEMGR.pdsc
2024-02-09 08:44:15,025 [INFO] ServerAccessManage:473 - Download File STMicroelectronics.X-CUBE-DISPLAY.pdsc
2024-02-09 08:44:15,073 [INFO] ServerAccessManage:473 - Download File STMicroelectronics.X-CUBE-EEPRMA1.pdsc
2024-02-09 08:44:15,179 [ERROR] ServerAccessManage:1089 - Problem, file not found on Server
2024-02-09 08:44:15,283 [ERROR] ServerAccessManage:1089 - Problem, file not found on Server
2024-02-09 08:44:15,308 [INFO] ServerAccessManage:473 - Download File STMicroelectronics.X-CUBE-FREERTOS.pdsc
2024-02-09 08:44:15,336 [INFO] ServerAccessManage:473 - Download File STMicroelectronics.X-CUBE-GNSS1.pdsc
2024-02-09 08:44:15,486 [ERROR] ServerAccessManage:1089 - Problem, file not found on Server
2024-02-09 08:44:15,523 [ERROR] ServerAccessManage:1089 - Problem, file not found on Server
2024-02-09 08:44:15,627 [ERROR] ServerAccessManage:1089 - Problem, file not found on Server
2024-02-09 08:44:15,719 [ERROR] ServerAccessManage:1089 - Problem, file not found on Server
2024-02-09 08:44:15,815 [ERROR] ServerAccessManage:1089 - Problem, file not found on Server
2024-02-09 08:44:15,902 [ERROR] ServerAccessManage:1089 - Problem, file not found on Server
2024-02-09 08:44:15,910 [INFO] ServerAccessManage:473 - Download File STMicroelectronics.X-CUBE-ISPU.pdsc
2024-02-09 08:44:15,939 [INFO] ServerAccessManage:473 - Download File STMicroelectronics.X-CUBE-MEMS1.pdsc
2024-02-09 08:44:16,081 [WARN] MainUpdater:1187 - Updater busy. Cannot search thirdparties
2024-02-09 08:44:16,081 [INFO] ThirdPartyUpdaterWithRetryManager:96 - Updater plugin is busy. [1/15]
2024-02-09 08:44:16,114 [INFO] ServerAccessManage:473 - Download File STMicroelectronics.X-CUBE-NFC4.pdsc
2024-02-09 08:44:16,196 [INFO] ServerAccessManage:473 - Download File STMicroelectronics.X-CUBE-NFC6.pdsc
2024-02-09 08:44:16,212 [INFO] ServerAccessManage:473 - Download File STMicroelectronics.X-CUBE-NFC7.pdsc
2024-02-09 08:44:16,232 [INFO] ServerAccessManage:473 - Download File STMicroelectronics.X-CUBE-SFXS2LP1.pdsc
2024-02-09 08:44:16,263 [INFO] ServerAccessManage:473 - Download File STMicroelectronics.X-CUBE-SUBG2.pdsc
2024-02-09 08:44:16,335 [INFO] ServerAccessManage:473 - Download File STMicroelectronics.X-CUBE-SMBUS.pdsc
2024-02-09 08:44:16,435 [ERROR] ServerAccessManage:1089 - Problem, file not found on Server
2024-02-09 08:44:16,444 [INFO] ServerAccessManage:473 - Download File STMicroelectronics.X-CUBE-TOF1.pdsc
2024-02-09 08:44:16,594 [ERROR] ServerAccessManage:1089 - Problem, file not found on Server
2024-02-09 08:44:16,607 [INFO] ServerAccessManage:473 - Download File STMicroelectronics.X-CUBE-TOUCHGFX.pdsc
2024-02-09 08:44:16,720 [INFO] ServerAccessManage:473 - Download File STMicroelectronics.X-CUBE-ALGOBUILD.pdsc
2024-02-09 08:44:16,758 [INFO] ServerAccessManage:473 - Download File STMicroelectronics.X-CUBE-AZRTOS-H7.pdsc
2024-02-09 08:44:16,838 [INFO] ServerAccessManage:473 - Download File STMicroelectronics.X-CUBE-AZRTOS-F4.pdsc
2024-02-09 08:44:16,889 [INFO] ServerAccessManage:473 - Download File STMicroelectronics.X-CUBE-AZRTOS-F7.pdsc
2024-02-09 08:44:16,940 [INFO] ServerAccessManage:473 - Download File STMicroelectronics.X-CUBE-AZRTOS-L4.pdsc
2024-02-09 08:44:16,991 [INFO] ServerAccessManage:473 - Download File STMicroelectronics.X-CUBE-AZRTOS-L5.pdsc
2024-02-09 08:44:17,045 [INFO] ServerAccessManage:473 - Download File STMicroelectronics.X-CUBE-AZRTOS-G0.pdsc
2024-02-09 08:44:17,093 [INFO] ServerAccessManage:473 - Download File STMicroelectronics.X-CUBE-AZRTOS-G4.pdsc
2024-02-09 08:44:17,140 [INFO] ServerAccessManage:473 - Download File STMicroelectronics.X-CUBE-AZRTOS-WB.pdsc
2024-02-09 08:44:17,185 [INFO] ServerAccessManage:473 - Download File STMicroelectronics.X-CUBE-AZRTOS-WL.pdsc
2024-02-09 08:44:19,081 [WARN] MainUpdater:1187 - Updater busy. Cannot search thirdparties
2024-02-09 08:44:19,081 [INFO] ThirdPartyUpdaterWithRetryManager:96 - Updater plugin is busy. [2/15]
2024-02-09 08:44:22,082 [WARN] MainUpdater:1187 - Updater busy. Cannot search thirdparties
2024-02-09 08:44:22,082 [INFO] ThirdPartyUpdaterWithRetryManager:96 - Updater plugin is busy. [3/15]
2024-02-09 08:44:25,082 [WARN] MainUpdater:1187 - Updater busy. Cannot search thirdparties
2024-02-09 08:44:25,082 [INFO] ThirdPartyUpdaterWithRetryManager:96 - Updater plugin is busy. [4/15]
2024-02-09 08:44:28,083 [WARN] MainUpdater:1187 - Updater busy. Cannot search thirdparties
2024-02-09 08:44:28,083 [INFO] ThirdPartyUpdaterWithRetryManager:96 - Updater plugin is busy. [5/15]
2024-02-09 08:44:31,083 [WARN] MainUpdater:1187 - Updater busy. Cannot search thirdparties
2024-02-09 08:44:31,083 [INFO] ThirdPartyUpdaterWithRetryManager:96 - Updater plugin is busy. [6/15]
2024-02-09 08:44:31,599 [INFO] ServerAccessManage:473 - Download File wolfSSL.I-CUBE-wolfSSL.pdsc
2024-02-09 08:44:33,910 [ERROR] ServerAccessManage:1089 - Problem, file not found on Server
2024-02-09 08:44:34,084 [WARN] MainUpdater:1187 - Updater busy. Cannot search thirdparties
2024-02-09 08:44:34,084 [INFO] ThirdPartyUpdaterWithRetryManager:96 - Updater plugin is busy. [7/15]
2024-02-09 08:44:34,213 [ERROR] ServerAccessManage:1089 - Problem, file not found on Server
2024-02-09 08:44:34,286 [INFO] MainUpdater:2854 - connection check result : 10
2024-02-09 08:44:34,523 [ERROR] ServerAccessManage:1089 - Problem, file not found on Server
2024-02-09 08:44:34,897 [ERROR] ServerAccessManage:1096 - Problem, Http access forbiden
2024-02-09 08:44:34,897 [ERROR] ServerAccessManage:651 - Problem, Http access forbiden : RoweBots.I-CUBE-UNISONRTOS.pdsc.
2024-02-09 08:44:35,127 [INFO] ServerAccessManage:473 - Download File SEGGER.I-CUBE-embOS.pdsc
2024-02-09 08:44:35,612 [INFO] ServerAccessManage:473 - Download File portGmbH.I-Cube-SoM-uGOAL.pdsc
2024-02-09 08:44:35,935 [ERROR] ServerAccessManage:1089 - Problem, file not found on Server
2024-02-09 08:44:35,968 [ERROR] ServerAccessManage:1089 - Problem, file not found on Server
2024-02-09 08:44:36,003 [ERROR] ServerAccessManage:1089 - Problem, file not found on Server
2024-02-09 08:44:36,139 [INFO] ServerAccessManage:473 - Download File emotas.I-CUBE-CANOPEN.pdsc
2024-02-09 08:44:36,858 [INFO] ServerAccessManage:473 - Download File WES.I-CUBE-Cesium.pdsc
2024-02-09 08:44:37,084 [WARN] MainUpdater:1187 - Updater busy. Cannot search thirdparties
2024-02-09 08:44:37,084 [INFO] ThirdPartyUpdaterWithRetryManager:96 - Updater plugin is busy. [8/15]
2024-02-09 08:44:37,401 [ERROR] ServerAccessManage:1089 - Problem, file not found on Server
2024-02-09 08:44:37,697 [ERROR] ServerAccessManage:1089 - Problem, file not found on Server
2024-02-09 08:44:38,292 [INFO] ServerAccessManage:473 - Download File ITTIA_DB.I-CUBE-ITTIADB.pdsc
2024-02-09 08:44:40,085 [WARN] MainUpdater:1187 - Updater busy. Cannot search thirdparties
2024-02-09 08:44:40,085 [INFO] ThirdPartyUpdaterWithRetryManager:96 - Updater plugin is busy. [9/15]
2024-02-09 08:44:40,687 [INFO] ServerAccessManage:473 - Download File Infineon.AIROC-Wi-Fi-Bluetooth-STM32.pdsc
2024-02-09 08:44:41,913 [WARN] PackLoader:240 - Cannot read IP mode file for STMicroelectronics.FP-ATR-ASTRA1.2.0.0
2024-02-09 08:44:41,918 [WARN] PackLoader:240 - Cannot read IP mode file for STMicroelectronics.FP-ATR-SIGFOX1.3.2.0
2024-02-09 08:44:41,924 [WARN] CheckServerUpdateThread:151 - Open CheckUpdateFile Fail
2024-02-09 08:44:41,925 [WARN] PackLoader:240 - Cannot read IP mode file for STMicroelectronics.FP-SNS-FLIGHT1.5.0.2
2024-02-09 08:44:41,932 [WARN] PackLoader:240 - Cannot read IP mode file for STMicroelectronics.FP-SNS-MOTENV1.4.3.2
2024-02-09 08:44:41,941 [WARN] PackLoader:240 - Cannot read IP mode file for STMicroelectronics.FP-SNS-MOTENVWB1.1.3.1
2024-02-09 08:44:41,948 [WARN] PackLoader:240 - Cannot read IP mode file for STMicroelectronics.FP-SNS-SMARTAG2.1.2.0
2024-02-09 08:44:41,952 [WARN] PackLoader:240 - Cannot read IP mode file for STMicroelectronics.X-CUBE-AI.8.1.0
2024-02-09 08:44:41,959 [WARN] PackLoader:240 - Cannot read IP mode file for STMicroelectronics.X-CUBE-ALS.1.0.1
2024-02-09 08:44:41,968 [WARN] PackLoader:240 - Cannot read IP mode file for STMicroelectronics.X-CUBE-BLE1.7.0.0
2024-02-09 08:44:41,975 [WARN] PackLoader:240 - Cannot read IP mode file for STMicroelectronics.X-CUBE-BLE2.3.3.0
2024-02-09 08:44:41,995 [WARN] PackLoader:240 - Cannot read IP mode file for STMicroelectronics.X-CUBE-BLEMGR.3.0.0
2024-02-09 08:44:42,014 [WARN] PackLoader:240 - Cannot read IP mode file for STMicroelectronics.X-CUBE-DISPLAY.3.0.0
2024-02-09 08:44:42,032 [WARN] PackLoader:240 - Cannot read IP mode file for STMicroelectronics.X-CUBE-EEPRMA1.5.1.0
2024-02-09 08:44:42,044 [WARN] PackLoader:240 - Cannot read IP mode file for STMicroelectronics.X-CUBE-FREERTOS.1.1.0
2024-02-09 08:44:42,063 [INFO] CheckServerUpdateThread:120 - End of CheckServer Thread
2024-02-09 08:44:42,068 [WARN] PackLoader:240 - Cannot read IP mode file for STMicroelectronics.X-CUBE-GNSS1.6.0.0
2024-02-09 08:44:42,073 [WARN] PackLoader:240 - Cannot read IP mode file for STMicroelectronics.X-CUBE-ISPU.2.0.0
2024-02-09 08:44:42,101 [INFO] McuFinderGlobals:66 - Set McuFinderConnectedMode to true
2024-02-09 08:44:42,171 [WARN] PackLoader:240 - Cannot read IP mode file for STMicroelectronics.X-CUBE-MEMS1.10.0.0
2024-02-09 08:44:42,315 [INFO] ServerAccessManage:473 - Download File mcusAds.json._tmp_
2024-02-09 08:44:42,386 [WARN] PackLoader:240 - Cannot read IP mode file for STMicroelectronics.X-CUBE-NFC4.3.0.0
2024-02-09 08:44:42,395 [WARN] PackLoader:240 - Cannot read IP mode file for STMicroelectronics.X-CUBE-NFC6.3.0.0
2024-02-09 08:44:42,402 [WARN] PackLoader:240 - Cannot read IP mode file for STMicroelectronics.X-CUBE-NFC7.1.0.1
2024-02-09 08:44:42,410 [WARN] PackLoader:240 - Cannot read IP mode file for STMicroelectronics.X-CUBE-SFXS2LP1.4.0.0
2024-02-09 08:44:42,421 [WARN] PackLoader:240 - Cannot read IP mode file for STMicroelectronics.X-CUBE-SUBG2.5.0.0
2024-02-09 08:44:42,427 [WARN] PackLoader:240 - Cannot read IP mode file for STMicroelectronics.X-CUBE-SMBUS.2.1.0
2024-02-09 08:44:42,434 [WARN] PackLoader:240 - Cannot read IP mode file for STMicroelectronics.X-CUBE-TOF1.3.4.0
2024-02-09 08:44:42,446 [WARN] PackLoader:240 - Cannot read IP mode file for STMicroelectronics.X-CUBE-TOUCHGFX.4.23.0
2024-02-09 08:44:42,450 [WARN] PackLoader:240 - Cannot read IP mode file for STMicroelectronics.X-CUBE-ALGOBUILD.1.3.0
2024-02-09 08:44:42,461 [INFO] LoadUrlFilesThread:156 - End of LoadUrlFiles Thread
2024-02-09 08:44:42,469 [WARN] PackLoader:240 - Cannot read IP mode file for STMicroelectronics.X-CUBE-AZRTOS-H7.3.2.0
2024-02-09 08:44:42,507 [WARN] PackLoader:240 - Cannot read IP mode file for STMicroelectronics.X-CUBE-AZRTOS-F4.1.1.0
2024-02-09 08:44:42,528 [WARN] PackLoader:240 - Cannot read IP mode file for STMicroelectronics.X-CUBE-AZRTOS-F7.1.1.0
2024-02-09 08:44:42,545 [INFO] ServerAccessManage:473 - Download File cube-finder-db.zip
2024-02-09 08:44:42,554 [WARN] ConditionMgr:438 - getConditionDescription Invalid condition id : LAN8742 Phy interface Condition cause : null
2024-02-09 08:44:42,554 [WARN] PackLoader:240 - Cannot read IP mode file for STMicroelectronics.X-CUBE-AZRTOS-L4.2.0.0
2024-02-09 08:44:42,555 [WARN] ConditionMgr:1039 - genDependencies : Invalid condition id : LAN8742 Phy interface Condition cause : null
2024-02-09 08:44:42,556 [WARN] ConditionMgr:1039 - genDependencies : Invalid condition id : LAN8742 Phy interface Condition cause : null
2024-02-09 08:44:42,556 [WARN] ConditionMgr:1039 - genDependencies : Invalid condition id : LAN8742 Phy interface Condition cause : null
2024-02-09 08:44:42,574 [WARN] PackLoader:240 - Cannot read IP mode file for STMicroelectronics.X-CUBE-AZRTOS-L5.2.0.0
2024-02-09 08:44:42,592 [WARN] PackLoader:240 - Cannot read IP mode file for STMicroelectronics.X-CUBE-AZRTOS-G0.1.1.0
2024-02-09 08:44:42,609 [WARN] PackLoader:240 - Cannot read IP mode file for STMicroelectronics.X-CUBE-AZRTOS-G4.2.0.0
2024-02-09 08:44:42,624 [WARN] ConditionMgr:438 - getConditionDescription Invalid condition id : UX DEVICE CLASS RTOS Condition cause : null
2024-02-09 08:44:42,624 [WARN] ConditionMgr:438 - getConditionDescription Invalid condition id : UX DEVICE CLASS RTOS Condition cause : null
2024-02-09 08:44:42,628 [WARN] PackLoader:240 - Cannot read IP mode file for STMicroelectronics.X-CUBE-AZRTOS-WB.2.0.0
2024-02-09 08:44:42,628 [WARN] ConditionMgr:1039 - genDependencies : Invalid condition id : UX DEVICE CLASS RTOS Condition cause : null
2024-02-09 08:44:42,628 [WARN] ConditionMgr:1039 - genDependencies : Invalid condition id : UX DEVICE CLASS RTOS Condition cause : null
2024-02-09 08:44:42,629 [WARN] ConditionMgr:1039 - genDependencies : Invalid condition id : UX DEVICE CLASS RTOS Condition cause : null
2024-02-09 08:44:42,629 [WARN] ConditionMgr:1039 - genDependencies : Invalid condition id : UX DEVICE CLASS RTOS Condition cause : null
2024-02-09 08:44:42,629 [WARN] ConditionMgr:1039 - genDependencies : Invalid condition id : UX DEVICE CLASS RTOS Condition cause : null
2024-02-09 08:44:42,641 [INFO] LogOutputStream:77 - [STDOUT_REDIRECT] 1 : Invalid condition id : UX_CORESTACK_Condition cause : null
2024-02-09 08:44:42,642 [INFO] LogOutputStream:77 - [STDOUT_REDIRECT] 1 : Invalid condition id : UX_CORESTACK_Condition cause : null
2024-02-09 08:44:42,642 [INFO] LogOutputStream:77 - [STDOUT_REDIRECT] 1 : Invalid condition id : UX_CORESTACK_Condition cause : null
2024-02-09 08:44:42,642 [INFO] LogOutputStream:77 - [STDOUT_REDIRECT] 1 : Invalid condition id : UX_CORESTACK_Condition cause : null
2024-02-09 08:44:42,642 [INFO] LogOutputStream:77 - [STDOUT_REDIRECT] 1 : Invalid condition id : UX_CORESTACK_Condition cause : null
2024-02-09 08:44:42,693 [WARN] PackLoader:240 - Cannot read IP mode file for STMicroelectronics.X-CUBE-AZRTOS-WL.2.0.0
2024-02-09 08:44:42,697 [WARN] PackLoader:240 - Cannot read IP mode file for wolfSSL.I-CUBE-wolfSSL.5.6.6
2024-02-09 08:44:42,737 [WARN] PackLoader:240 - Cannot read IP mode file for SEGGER.I-CUBE-embOS.1.3.1
2024-02-09 08:44:42,778 [WARN] PackLoader:240 - Cannot read IP mode file for portGmbH.I-Cube-SoM-uGOAL.1.1.0
2024-02-09 08:44:42,782 [WARN] PackLoader:240 - Cannot read IP mode file for emotas.I-CUBE-CANOPEN.1.3.0
2024-02-09 08:44:42,786 [WARN] PackLoader:240 - Cannot read IP mode file for WES.I-CUBE-Cesium.1.3.0
2024-02-09 08:44:42,791 [WARN] PackLoader:240 - Cannot read IP mode file for ITTIA_DB.I-CUBE-ITTIADB.8.8.0
2024-02-09 08:44:42,808 [WARN] PackLoader:240 - Cannot read IP mode file for Infineon.AIROC-Wi-Fi-Bluetooth-STM32.1.5.1
2024-02-09 08:44:42,812 [INFO] PopulateThirdPartyThread:66 - Ending populate Thread
2024-02-09 08:44:42,817 [INFO] ThirdParty:1030 - CMSIS Pack Vendor :STMicroelectronics X-CUBE-DISPLAY 3.0.0
2024-02-09 08:44:42,817 [INFO] ThirdParty:1030 - CMSIS Pack Vendor :STMicroelectronics X-CUBE-GNSS1 6.0.0
2024-02-09 08:44:42,817 [INFO] ThirdParty:1030 - CMSIS Pack Vendor :STMicroelectronics FP-SNS-MOTENVWB1 1.3.1
2024-02-09 08:44:42,817 [INFO] ThirdParty:1030 - CMSIS Pack Vendor :STMicroelectronics X-CUBE-AZRTOS-F4 1.1.0
2024-02-09 08:44:42,817 [INFO] ThirdParty:1030 - CMSIS Pack Vendor :STMicroelectronics FP-ATR-SIGFOX1 3.2.0
2024-02-09 08:44:42,817 [INFO] ThirdParty:1030 - CMSIS Pack Vendor :STMicroelectronics X-CUBE-BLE1 7.0.0
2024-02-09 08:44:42,817 [INFO] ThirdParty:1030 - CMSIS Pack Vendor :STMicroelectronics X-CUBE-SMBUS 2.1.0
2024-02-09 08:44:42,817 [INFO] ThirdParty:1030 - CMSIS Pack Vendor :STMicroelectronics X-CUBE-ISPU 2.0.0
2024-02-09 08:44:42,817 [INFO] ThirdParty:1030 - CMSIS Pack Vendor :STMicroelectronics X-CUBE-EEPRMA1 5.1.0
2024-02-09 08:44:42,817 [INFO] ThirdParty:1030 - CMSIS Pack Vendor :STMicroelectronics X-CUBE-AZRTOS-WB 2.0.0
2024-02-09 08:44:42,818 [INFO] ThirdParty:1030 - CMSIS Pack Vendor :emotas I-CUBE-CANOPEN 1.3.0
2024-02-09 08:44:42,818 [INFO] ThirdParty:1030 - CMSIS Pack Vendor :STMicroelectronics X-CUBE-MEMS1 10.0.0
2024-02-09 08:44:42,818 [INFO] ThirdParty:1030 - CMSIS Pack Vendor :wolfSSL I-CUBE-wolfSSL 5.6.6
2024-02-09 08:44:42,818 [INFO] ThirdParty:1030 - CMSIS Pack Vendor :STMicroelectronics X-CUBE-FREERTOS 1.1.0
2024-02-09 08:44:42,818 [INFO] ThirdParty:1030 - CMSIS Pack Vendor :STMicroelectronics X-CUBE-NFC7 1.0.1
2024-02-09 08:44:42,818 [INFO] ThirdParty:1030 - CMSIS Pack Vendor :STMicroelectronics X-CUBE-TOUCHGFX 4.23.0
2024-02-09 08:44:42,818 [INFO] ThirdParty:1030 - CMSIS Pack Vendor :STMicroelectronics X-CUBE-AZRTOS-F7 1.1.0
2024-02-09 08:44:42,818 [INFO] ThirdParty:1030 - CMSIS Pack Vendor :STMicroelectronics X-CUBE-AZRTOS-L5 2.0.0
2024-02-09 08:44:42,818 [INFO] ThirdParty:1030 - CMSIS Pack Vendor :STMicroelectronics X-CUBE-NFC6 3.0.0
2024-02-09 08:44:42,818 [INFO] ThirdParty:1030 - CMSIS Pack Vendor :STMicroelectronics X-CUBE-ALS 1.0.1
2024-02-09 08:44:42,818 [INFO] ThirdParty:1030 - CMSIS Pack Vendor :portGmbH I-Cube-SoM-uGOAL 1.1.0
2024-02-09 08:44:42,818 [INFO] ThirdParty:1030 - CMSIS Pack Vendor :ITTIA_DB I-CUBE-ITTIADB 8.8.0
2024-02-09 08:44:42,818 [INFO] ThirdParty:1030 - CMSIS Pack Vendor :STMicroelectronics FP-SNS-SMARTAG2 1.2.0
2024-02-09 08:44:42,818 [INFO] ThirdParty:1030 - CMSIS Pack Vendor :STMicroelectronics FP-SNS-MOTENV1 4.3.2
2024-02-09 08:44:42,818 [INFO] ThirdParty:1030 - CMSIS Pack Vendor :STMicroelectronics X-CUBE-ALGOBUILD 1.3.0
2024-02-09 08:44:42,819 [INFO] ThirdParty:1030 - CMSIS Pack Vendor :STMicroelectronics X-CUBE-AZRTOS-WL 2.0.0
2024-02-09 08:44:42,819 [INFO] ThirdParty:1030 - CMSIS Pack Vendor :SEGGER I-CUBE-embOS 1.3.1
2024-02-09 08:44:42,819 [INFO] ThirdParty:1030 - CMSIS Pack Vendor :STMicroelectronics X-CUBE-AZRTOS-G0 1.1.0
2024-02-09 08:44:42,819 [INFO] ThirdParty:1030 - CMSIS Pack Vendor :STMicroelectronics X-CUBE-AI 8.1.0
2024-02-09 08:44:42,819 [INFO] ThirdParty:1030 - CMSIS Pack Vendor :STMicroelectronics X-CUBE-NFC4 3.0.0
2024-02-09 08:44:42,819 [INFO] ThirdParty:1030 - CMSIS Pack Vendor :STMicroelectronics X-CUBE-SUBG2 5.0.0
2024-02-09 08:44:42,819 [INFO] ThirdParty:1030 - CMSIS Pack Vendor :STMicroelectronics X-CUBE-AZRTOS-L4 2.0.0
2024-02-09 08:44:42,819 [INFO] ThirdParty:1030 - CMSIS Pack Vendor :STMicroelectronics FP-ATR-ASTRA1 2.0.0
2024-02-09 08:44:42,819 [INFO] ThirdParty:1030 - CMSIS Pack Vendor :WES I-CUBE-Cesium 1.3.0
2024-02-09 08:44:42,819 [INFO] ThirdParty:1030 - CMSIS Pack Vendor :STMicroelectronics X-CUBE-SFXS2LP1 4.0.0
2024-02-09 08:44:42,819 [INFO] ThirdParty:1030 - CMSIS Pack Vendor :STMicroelectronics FP-SNS-FLIGHT1 5.0.2
2024-02-09 08:44:42,819 [INFO] ThirdParty:1030 - CMSIS Pack Vendor :STMicroelectronics X-CUBE-BLE2 3.3.0
2024-02-09 08:44:42,819 [INFO] ThirdParty:1030 - CMSIS Pack Vendor :STMicroelectronics X-CUBE-TOF1 3.4.0
2024-02-09 08:44:42,819 [INFO] ThirdParty:1030 - CMSIS Pack Vendor :STMicroelectronics X-CUBE-AZRTOS-G4 2.0.0
2024-02-09 08:44:42,819 [INFO] ThirdParty:1030 - CMSIS Pack Vendor :STMicroelectronics X-CUBE-AZRTOS-H7 3.2.0
2024-02-09 08:44:42,820 [INFO] ThirdParty:1030 - CMSIS Pack Vendor :Infineon AIROC-Wi-Fi-Bluetooth-STM32 1.5.1
2024-02-09 08:44:42,820 [INFO] ThirdParty:1030 - CMSIS Pack Vendor :STMicroelectronics X-CUBE-BLEMGR 3.0.0
2024-02-09 08:44:42,820 [INFO] LoadServerUpdatesThread:373 - End of LoadServerUpdate Thread
2024-02-09 08:44:43,085 [WARN] MainUpdater:1187 - Updater busy. Cannot search thirdparties
2024-02-09 08:44:43,085 [INFO] ThirdPartyUpdaterWithRetryManager:96 - Updater plugin is busy. [10/15]
2024-02-09 08:44:46,000 [INFO] FileExtend:240 - Unzip File : cube-finder-db.zip
2024-02-09 08:44:46,000 [INFO] FileExtend:255 - Standard Zip Deflate
2024-02-09 08:44:46,085 [WARN] MainUpdater:1187 - Updater busy. Cannot search thirdparties
2024-02-09 08:44:46,086 [INFO] ThirdPartyUpdaterWithRetryManager:96 - Updater plugin is busy. [11/15]
2024-02-09 08:44:46,709 [INFO] LoadUrlFilesThread:156 - End of LoadUrlFiles Thread
2024-02-09 08:44:46,910 [INFO] ServerAccessManage:473 - Download File crdb.zip
2024-02-09 08:44:47,035 [INFO] FileExtend:240 - Unzip File : crdb.zip
2024-02-09 08:44:47,035 [INFO] FileExtend:255 - Standard Zip Deflate
2024-02-09 08:44:47,149 [INFO] LoadUrlFilesThread:156 - End of LoadUrlFiles Thread
2024-02-09 08:44:47,256 [INFO] ServerAccessManage:473 - Download File tutoVideoDB.zip
2024-02-09 08:44:47,268 [INFO] FileExtend:240 - Unzip File : tutoVideoDB.zip
2024-02-09 08:44:47,268 [INFO] FileExtend:255 - Standard Zip Deflate
2024-02-09 08:44:47,371 [INFO] LoadUrlFilesThread:156 - End of LoadUrlFiles Thread
2024-02-09 08:44:47,374 [WARN] DbFile:41 - Overriding database path with different value: /home/eleve/.stmcufinder/plugins/mcufinder/ => /home/eleve/.stmcufinder/plugins/mcufinder
2024-02-09 08:44:47,480 [INFO] ServerAccessManage:473 - Download File api_config.json
2024-02-09 08:44:47,584 [INFO] LoadUrlFilesThread:156 - End of LoadUrlFiles Thread
2024-02-09 08:44:47,585 [INFO] DbMcusAds:53 - JSON generation date=Wed Nov 29 11:52:27 CET 2023 (1701255147200)
2024-02-09 08:44:47,626 [INFO] ServerAccessManage:473 - Download File 
2024-02-09 08:44:47,629 [INFO] LoadUrlFilesThread:185 - End of LoadServerUrlFiles without Thread
2024-02-09 08:44:47,630 [INFO] TargetSelectorAdapter:259 - Refresh data is successful
2024-02-09 08:44:47,690 [INFO] ApiDb:581 - Connected to CubeFinder SQLite database (/home/eleve/.stmcufinder/plugins/mcufinder/mcu/cube-finder-db.db)
2024-02-09 08:44:47,736 [INFO] ApiDb:668 - CubeFinder database Data Model version=2.1
2024-02-09 08:44:47,736 [INFO] ApiDb:669 - CubeFinder database Configuration version=3.0.39
2024-02-09 08:44:47,737 [INFO] ApiDb:670 - CubeFinder database generation date=2024-01-11 (1704964531)
2024-02-09 08:44:47,737 [INFO] ApiDb:671 - CubeFinder database FW Pack versions=[FP-ATR-ASTRA1_V2.0.0, FP-SNS-FLIGHT1_V5.0.1, FP-SNS-FLIGHT1_V5.0.2, FP-SNS-MOTENV1_V4.3.1, FP-SNS-MOTENV1_V4.3.2, FP-SNS-MOTENVWB1_V1.3.1, FP-SNS-SMARTAG2_V1.2.0, STM32Cube_FW_C0_V1.1.0, STM32Cube_FW_F4_V1.28.0, STM32Cube_FW_F7_V1.17.0, STM32Cube_FW_G0_V1.6.2, STM32Cube_FW_G4_V1.5.2, STM32Cube_FW_H5_V0.5.1, STM32Cube_FW_H5_V1.1.1, STM32Cube_FW_H5_V1.2.0RC2, STM32Cube_FW_H7_V1.11.0, STM32Cube_FW_L0_V1.12.2, STM32Cube_FW_L5_V1.5.0, STM32Cube_FW_U5_V1.3.0RC4, STM32Cube_FW_U5_V1.4.0, STM32Cube_FW_WBA_V1.0.0RC1, STM32Cube_FW_WBA_V1.1.0RC1, STM32Cube_FW_WBA_V1.2.0, STM32Cube_FW_WBA_V1.2.0RC2, STM32Cube_FW_WB_V1.15.0RC1, STM32Cube_FW_WB_V1.16.0, STM32Cube_FW_WB_V1.16.0RC2, STM32Cube_FW_WB_V1.18.0, STM32Cube_FW_WL_V1.3.0, X-CUBE-ALGOBUILD_V1.3.0, X-CUBE-ALS_V1.0.1, X-CUBE-AZRTOS-F4_V1.1.0, X-CUBE-AZRTOS-F7_V1.1.0, X-CUBE-AZRTOS-G0_V1.1.0, X-CUBE-AZRTOS-G4_V2.0.0, X-CUBE-AZRTOS-H7_V3.2.0, X-CUBE-AZRTOS-L4_V1.0.0, X-CUBE-AZRTOS-L4_V2.0.0, X-CUBE-AZRTOS-L5_V1.1.0, X-CUBE-AZRTOS-WB_V2.0.0, X-CUBE-AZRTOS-WL_V2.0.0, X-CUBE-BLE1_V7.0.0, X-CUBE-BLE2_V3.3.0, X-CUBE-BLEMGR_V3.0.0, X-CUBE-EEPRMA1_V4.1.0, X-CUBE-EEPRMA1_V4.2.0, X-CUBE-FREERTOS_V1.1.0, X-CUBE-GNSS1_V6.0.0, X-CUBE-MEMS1_V10.0.0, X-CUBE-MEMS1_V9.1.0, X-CUBE-MEMS1_V9.4.0, X-CUBE-MEMS1_V9.6.0, X-CUBE-NFC4_V3.0.0, X-CUBE-NFC7_V1.0.1, X-CUBE-SFXS2LP1_V4.0.0, X-CUBE-SUBG2_V5.0.0, X-CUBE-TOF1_V3.4.0]
2024-02-09 08:44:49,189 [WARN] PackLoader:240 - Cannot read IP mode file for STMicroelectronics.X-CUBE-SMBUS.2.1.0
2024-02-09 08:44:49,192 [WARN] PackLoader:240 - Cannot read IP mode file for STMicroelectronics.X-CUBE-TOUCHGFX.4.23.0
2024-02-09 08:44:49,208 [WARN] PackLoader:240 - Cannot read IP mode file for STMicroelectronics.X-CUBE-AZRTOS-F7.1.1.0
2024-02-09 08:44:49,213 [WARN] PackLoader:240 - Cannot read IP mode file for STMicroelectronics.FP-SNS-MOTENV1.4.3.2
2024-02-09 08:44:49,216 [WARN] PackLoader:240 - Cannot read IP mode file for STMicroelectronics.FP-SNS-FLIGHT1.5.0.2
2024-02-09 08:44:49,219 [WARN] PackLoader:240 - Cannot read IP mode file for STMicroelectronics.X-CUBE-DISPLAY.3.0.0
2024-02-09 08:44:49,225 [WARN] PackLoader:240 - Cannot read IP mode file for STMicroelectronics.X-CUBE-BLE1.7.0.0
2024-02-09 08:44:49,228 [WARN] PackLoader:240 - Cannot read IP mode file for emotas.I-CUBE-CANOPEN.1.3.0
2024-02-09 08:44:49,230 [WARN] PackLoader:240 - Cannot read IP mode file for STMicroelectronics.FP-SNS-SMARTAG2.1.2.0
2024-02-09 08:44:49,236 [INFO] LogOutputStream:77 - [STDOUT_REDIRECT] 1 : Invalid condition id : UX_CORESTACK_Condition cause : null
2024-02-09 08:44:49,236 [INFO] LogOutputStream:77 - [STDOUT_REDIRECT] 1 : Invalid condition id : UX_CORESTACK_Condition cause : null
2024-02-09 08:44:49,236 [INFO] LogOutputStream:77 - [STDOUT_REDIRECT] 1 : Invalid condition id : UX_CORESTACK_Condition cause : null
2024-02-09 08:44:49,236 [INFO] LogOutputStream:77 - [STDOUT_REDIRECT] 1 : Invalid condition id : UX_CORESTACK_Condition cause : null
2024-02-09 08:44:49,237 [INFO] LogOutputStream:77 - [STDOUT_REDIRECT] 1 : Invalid condition id : UX_CORESTACK_Condition cause : null
2024-02-09 08:44:49,239 [WARN] PackLoader:240 - Cannot read IP mode file for STMicroelectronics.X-CUBE-AZRTOS-WL.2.0.0
2024-02-09 08:44:49,243 [WARN] PackLoader:240 - Cannot read IP mode file for WES.I-CUBE-Cesium.1.3.0
2024-02-09 08:44:49,246 [WARN] PackLoader:240 - Cannot read IP mode file for STMicroelectronics.X-CUBE-BLE2.3.3.0
2024-02-09 08:44:49,250 [WARN] PackLoader:240 - Cannot read IP mode file for STMicroelectronics.X-CUBE-ALGOBUILD.1.3.0
2024-02-09 08:44:49,263 [WARN] PackLoader:240 - Cannot read IP mode file for STMicroelectronics.X-CUBE-AZRTOS-G0.1.1.0
2024-02-09 08:44:49,268 [WARN] PackLoader:240 - Cannot read IP mode file for STMicroelectronics.X-CUBE-NFC4.3.0.0
2024-02-09 08:44:49,293 [WARN] PackLoader:240 - Cannot read IP mode file for STMicroelectronics.X-CUBE-BLEMGR.3.0.0
2024-02-09 08:44:49,296 [WARN] PackLoader:240 - Cannot read IP mode file for STMicroelectronics.FP-ATR-SIGFOX1.3.2.0
2024-02-09 08:44:49,299 [WARN] PackLoader:240 - Cannot read IP mode file for STMicroelectronics.X-CUBE-EEPRMA1.5.1.0
2024-02-09 08:44:49,327 [WARN] PackLoader:240 - Cannot read IP mode file for SEGGER.I-CUBE-embOS.1.3.1
2024-02-09 08:44:49,366 [WARN] PackLoader:240 - Cannot read IP mode file for STMicroelectronics.X-CUBE-GNSS1.6.0.0
2024-02-09 08:44:49,387 [WARN] PackLoader:240 - Cannot read IP mode file for STMicroelectronics.X-CUBE-AZRTOS-F4.1.1.0
2024-02-09 08:44:49,394 [WARN] PackLoader:240 - Cannot read IP mode file for wolfSSL.I-CUBE-wolfSSL.5.6.6
2024-02-09 08:44:49,414 [WARN] PackLoader:240 - Cannot read IP mode file for STMicroelectronics.X-CUBE-AZRTOS-L5.2.0.0
2024-02-09 08:44:49,422 [WARN] PackLoader:240 - Cannot read IP mode file for ITTIA_DB.I-CUBE-ITTIADB.8.8.0
2024-02-09 08:44:49,426 [WARN] PackLoader:240 - Cannot read IP mode file for STMicroelectronics.X-CUBE-NFC7.1.0.1
2024-02-09 08:44:49,434 [WARN] PackLoader:240 - Cannot read IP mode file for STMicroelectronics.X-CUBE-NFC6.3.0.0
2024-02-09 08:44:49,440 [WARN] PackLoader:240 - Cannot read IP mode file for STMicroelectronics.X-CUBE-AI.8.1.0
2024-02-09 08:44:49,461 [WARN] ConditionMgr:438 - getConditionDescription Invalid condition id : LAN8742 Phy interface Condition cause : null
2024-02-09 08:44:49,461 [WARN] PackLoader:240 - Cannot read IP mode file for STMicroelectronics.X-CUBE-AZRTOS-L4.2.0.0
2024-02-09 08:44:49,463 [WARN] ConditionMgr:1039 - genDependencies : Invalid condition id : LAN8742 Phy interface Condition cause : null
2024-02-09 08:44:49,463 [WARN] ConditionMgr:1039 - genDependencies : Invalid condition id : LAN8742 Phy interface Condition cause : null
2024-02-09 08:44:49,464 [WARN] ConditionMgr:1039 - genDependencies : Invalid condition id : LAN8742 Phy interface Condition cause : null
2024-02-09 08:44:49,472 [WARN] PackLoader:240 - Cannot read IP mode file for STMicroelectronics.X-CUBE-SFXS2LP1.4.0.0
2024-02-09 08:44:49,487 [WARN] ConditionMgr:438 - getConditionDescription Invalid condition id : UX DEVICE CLASS RTOS Condition cause : null
2024-02-09 08:44:49,488 [WARN] ConditionMgr:438 - getConditionDescription Invalid condition id : UX DEVICE CLASS RTOS Condition cause : null
2024-02-09 08:44:49,490 [WARN] PackLoader:240 - Cannot read IP mode file for STMicroelectronics.X-CUBE-AZRTOS-WB.2.0.0
2024-02-09 08:44:49,491 [WARN] ConditionMgr:1039 - genDependencies : Invalid condition id : UX DEVICE CLASS RTOS Condition cause : null
2024-02-09 08:44:49,491 [WARN] ConditionMgr:1039 - genDependencies : Invalid condition id : UX DEVICE CLASS RTOS Condition cause : null
2024-02-09 08:44:49,492 [WARN] ConditionMgr:1039 - genDependencies : Invalid condition id : UX DEVICE CLASS RTOS Condition cause : null
2024-02-09 08:44:49,492 [WARN] ConditionMgr:1039 - genDependencies : Invalid condition id : UX DEVICE CLASS RTOS Condition cause : null
2024-02-09 08:44:49,492 [WARN] ConditionMgr:1039 - genDependencies : Invalid condition id : UX DEVICE CLASS RTOS Condition cause : null
2024-02-09 08:44:49,504 [WARN] PackLoader:240 - Cannot read IP mode file for STMicroelectronics.X-CUBE-SUBG2.5.0.0
2024-02-09 08:44:49,551 [WARN] PackLoader:240 - Cannot read IP mode file for STMicroelectronics.X-CUBE-AZRTOS-G4.2.0.0
2024-02-09 08:44:49,565 [WARN] PackLoader:240 - Cannot read IP mode file for Infineon.AIROC-Wi-Fi-Bluetooth-STM32.1.5.1
2024-02-09 08:44:49,574 [WARN] PackLoader:240 - Cannot read IP mode file for STMicroelectronics.FP-SNS-MOTENVWB1.1.3.1
2024-02-09 08:44:49,578 [WARN] PackLoader:240 - Cannot read IP mode file for STMicroelectronics.X-CUBE-ISPU.2.0.0
2024-02-09 08:44:49,626 [WARN] PackLoader:240 - Cannot read IP mode file for STMicroelectronics.X-CUBE-MEMS1.10.0.0
2024-02-09 08:44:49,715 [INFO] ApiDb:240 - Found 297 in-development CPN: [B-G473E-ZEST1S, B-WB1M-WPAN1, B-WL5M-SUBG1, NUCLEO-C031C6, NUCLEO-H503RB, NUCLEO-H563ZI, NUCLEO-U545RE-Q, NUCLEO-U5A5ZJ-Q, NUCLEO-WBA52CG, STEVAL-PROTEUS1, STEVAL-STWINBX1, STM320518-EVAL, STM32C0116-DK, STM32C011D6Y3TR, STM32C011D6Y6TR, STM32C011F4P3, STM32C011F4P6, STM32C011F4U3, STM32C011F4U6TR, STM32C011F6P3, STM32C011F6P6, STM32C011F6U3, STM32C011F6U6TR, STM32C011J4M3, STM32C011J4M6, STM32C011J6M3, STM32C011J6M6, STM32C0316-DK, STM32C031C4T3, STM32C031C4T6, STM32C031C4U3, STM32C031C4U6, STM32C031C6T3, STM32C031C6T6, STM32C031C6U3, STM32C031C6U6, STM32C031F4P3, STM32C031F4P6, STM32C031F6P3, STM32C031F6P6, STM32C031G4U3, STM32C031G4U6, STM32C031G6U3, STM32C031G6U6, STM32C031K4T3, STM32C031K4T6, STM32C031K4U3, STM32C031K4U6, STM32C031K6T3, STM32C031K6T6, STM32C031K6U3, STM32C031K6U6, STM32G071K8TXN, STM32G071K8UXN, STM32G081GBU6N, STM32G081KBT6N, STM32G081KBUXN, STM32G0B1CCT6N, STM32G0B1KCT6, STM32G0B1NEY6TR, STM32G0B1RCT6N, STM32G0C1CCT6, STM32G0C1CCT6N, STM32G0C1CCU6N, STM32G0C1CET6N, STM32G0C1CEU6N, STM32G0C1KCT6, STM32G0C1NEY6TR, STM32G0C1RCI6N, STM32G0C1RCT6N, STM32G0C1REI6N, STM32G0C1RET6N, STM32G0C1VCI6, STM32G0C1VEI6, STM32G471CCT6, STM32G471CCU6, STM32G471CET3, STM32G471CET6, STM32G471CEU3, STM32G471CEU6, STM32G471MCT6, STM32G471MET3, STM32G471MET6, STM32G471MEY6TR, STM32G471QCT6, STM32G471QET3, STM32G471RCT6, STM32G471RET3, STM32G471RET6, STM32G471VCH6, STM32G471VCI6, STM32G471VCT6, STM32G471VEH3, STM32G471VEH6, STM32G471VEI3, STM32G471VEI6, STM32G471VET3, STM32G471VET6, STM32G474CCT6, STM32H503CBT6, STM32H503CBU6, STM32H503EBY6TR, STM32H503KBU6, STM32H503RBT6, STM32H562AGI6, STM32H562AII6, STM32H562IGK6, STM32H562IGT6, STM32H562IIK6, STM32H562IIT6, STM32H562RGT6, STM32H562RGV6, STM32H562RIT6, STM32H562RIV6, STM32H562VGT6, STM32H562VIT6, STM32H562ZGT6, STM32H562ZIT6, STM32H563AGI6, STM32H563AII3Q, STM32H563AII6, STM32H563IGK6, STM32H563IGT6, STM32H563IIK3Q, STM32H563IIK6, STM32H563IIT3Q, STM32H563IIT6, STM32H563MIY3QTR, STM32H563RGT6, STM32H563RGV6, STM32H563RIT6, STM32H563RIV6, STM32H563VGT6, STM32H563VIT3Q, STM32H563VIT6, STM32H563ZGT6, STM32H563ZIT3Q, STM32H563ZIT6, STM32H573AII3Q, STM32H573AII6, STM32H573I-DK, STM32H573IIK3Q, STM32H573IIK6, STM32H573IIT3Q, STM32H573IIT6, STM32H573MIY3QTR, STM32H573RIT6, STM32H573RIV6, STM32H573VIT3Q, STM32H573VIT6, STM32H573ZIT3Q, STM32H573ZIT6, STM32L4R5QGI6STR, STM32MP131AAE3, STM32MP131AAF3, STM32MP131AAG3, STM32MP131CAE3, STM32MP131CAF3, STM32MP131CAG3, STM32MP131DAE7, STM32MP131DAF7, STM32MP131DAG7, STM32MP131FAE7, STM32MP131FAF7, STM32MP131FAG7, STM32MP133AAE3, STM32MP133AAF3, STM32MP133AAG3, STM32MP133CAE3, STM32MP133CAF3, STM32MP133CAG3, STM32MP133DAE7, STM32MP133DAF7, STM32MP133DAG7, STM32MP133FAE7, STM32MP133FAF7, STM32MP133FAG7, STM32MP135AAE3, STM32MP135AAF3, STM32MP135AAG3, STM32MP135CAE3, STM32MP135CAF3, STM32MP135CAG3, STM32MP135DAE7, STM32MP135DAF7, STM32MP135DAG7, STM32MP135F-DK, STM32MP135FAE7, STM32MP135FAF7, STM32MP135FAF7T, STM32MP135FAF7U, STM32MP135FAG7, STM32U535CBT6, STM32U535CBT6Q, STM32U535CBU6, STM32U535CBU6Q, STM32U535CCT6, STM32U535CCT6Q, STM32U535CCU6, STM32U535CCU6Q, STM32U535CET6, STM32U535CET6Q, STM32U535CEU6, STM32U535CEU6Q, STM32U535JEY6QTR, STM32U535NCY6QTR, STM32U535NEY6QTR, STM32U535RBI6, STM32U535RBI6Q, STM32U535RBT6, STM32U535RBT6Q, STM32U535RCI6, STM32U535RCI6Q, STM32U535RCT6, STM32U535RCT6Q, STM32U535REI6, STM32U535REI6Q, STM32U535RET6, STM32U535RET6Q, STM32U535VCI6, STM32U535VCI6Q, STM32U535VCT6, STM32U535VCT6Q, STM32U535VEI6, STM32U535VEI6Q, STM32U535VET6, STM32U535VET6Q, STM32U545CET6, STM32U545CET6Q, STM32U545CEU6, STM32U545CEU6Q, STM32U545JEY6QTR, STM32U545NEY6QTR, STM32U545REI6, STM32U545REI6Q, STM32U545RET6, STM32U545RET6Q, STM32U545VEI6, STM32U545VEI6Q, STM32U545VET6, STM32U545VET6Q, STM32U595AIH6, STM32U595AIH6Q, STM32U595AJH6, STM32U595AJH6Q, STM32U595QII6, STM32U595QII6Q, STM32U595QJI6, STM32U595QJI6Q, STM32U595RIT6, STM32U595RIT6Q, STM32U595RJT6, STM32U595RJT6Q, STM32U595VIT6, STM32U595VIT6Q, STM32U595VJT6, STM32U595VJT6Q, STM32U595ZIT6, STM32U595ZIT6Q, STM32U595ZIY6QTR, STM32U595ZJT6, STM32U595ZJT6Q, STM32U595ZJY6QTR, STM32U599BJY6QTR, STM32U599NIH6Q, STM32U599NJH6Q, STM32U599VIT6Q, STM32U599VJT6, STM32U599VJT6Q, STM32U599ZIT6Q, STM32U599ZIY6QTR, STM32U599ZJT6Q, STM32U599ZJY6QTR, STM32U5A5AJH6, STM32U5A5AJH6Q, STM32U5A5QJI6, STM32U5A5QJI6Q, STM32U5A5RJT6, STM32U5A5RJT6Q, STM32U5A5VJT6, STM32U5A5VJT6Q, STM32U5A5ZJT6, STM32U5A5ZJT6Q, STM32U5A5ZJY6QTR, STM32U5A9BJY6QTR, STM32U5A9J-DK, STM32U5A9NJH6Q, STM32U5A9VJT6Q, STM32U5A9ZJT6Q, STM32U5A9ZJY6QTR, STM32WB1MMCH6, STM32WBA52CEU6, STM32WBA52CEU6T, STM32WBA52CGU6, STM32WBA52CGU6T, STM32WL5MOCH6, STM32WL5MOCH6TR]
2024-02-09 08:44:49,720 [INFO] DbMcus:216 - Found 3861 MCUs, 3861 are supported
2024-02-09 08:44:49,721 [INFO] ApiDb:414 - User favorites file not found: /home/eleve/.stm32cubeide/favorites.mcus.txt
2024-02-09 08:44:49,722 [INFO] DbMcus:222 - Set 0 / 0 favorites MCUs
2024-02-09 08:44:49,778 [WARN] PackLoader:240 - Cannot read IP mode file for STMicroelectronics.X-CUBE-FREERTOS.1.1.0
2024-02-09 08:44:49,782 [WARN] PackLoader:240 - Cannot read IP mode file for portGmbH.I-Cube-SoM-uGOAL.1.1.0
2024-02-09 08:44:49,785 [WARN] PackLoader:240 - Cannot read IP mode file for STMicroelectronics.X-CUBE-ALS.1.0.1
2024-02-09 08:44:49,789 [WARN] PackLoader:240 - Cannot read IP mode file for STMicroelectronics.FP-ATR-ASTRA1.2.0.0
2024-02-09 08:44:49,799 [WARN] PackLoader:240 - Cannot read IP mode file for STMicroelectronics.X-CUBE-TOF1.3.4.0
2024-02-09 08:44:49,853 [WARN] PackLoader:240 - Cannot read IP mode file for STMicroelectronics.X-CUBE-AZRTOS-H7.3.2.0
2024-02-09 08:44:49,857 [INFO] ThirdParty:978 - Integrity check success = true
2024-02-09 08:44:49,857 [INFO] IntegrityCheckThread:100 - exiting critical section [integrity check]
2024-02-09 08:44:49,857 [INFO] IntegrityCheckThread:103 - End integrity checks thread
2024-02-09 08:44:50,118 [INFO] ApiDb:668 - CubeFinder database Data Model version=2.1
2024-02-09 08:44:50,118 [INFO] ApiDb:669 - CubeFinder database Configuration version=3.0.39
2024-02-09 08:44:50,118 [INFO] ApiDb:670 - CubeFinder database generation date=2024-01-11 (1704964531)
2024-02-09 08:44:50,118 [INFO] ApiDb:671 - CubeFinder database FW Pack versions=[FP-ATR-ASTRA1_V2.0.0, FP-SNS-FLIGHT1_V5.0.1, FP-SNS-FLIGHT1_V5.0.2, FP-SNS-MOTENV1_V4.3.1, FP-SNS-MOTENV1_V4.3.2, FP-SNS-MOTENVWB1_V1.3.1, FP-SNS-SMARTAG2_V1.2.0, STM32Cube_FW_C0_V1.1.0, STM32Cube_FW_F4_V1.28.0, STM32Cube_FW_F7_V1.17.0, STM32Cube_FW_G0_V1.6.2, STM32Cube_FW_G4_V1.5.2, STM32Cube_FW_H5_V0.5.1, STM32Cube_FW_H5_V1.1.1, STM32Cube_FW_H5_V1.2.0RC2, STM32Cube_FW_H7_V1.11.0, STM32Cube_FW_L0_V1.12.2, STM32Cube_FW_L5_V1.5.0, STM32Cube_FW_U5_V1.3.0RC4, STM32Cube_FW_U5_V1.4.0, STM32Cube_FW_WBA_V1.0.0RC1, STM32Cube_FW_WBA_V1.1.0RC1, STM32Cube_FW_WBA_V1.2.0, STM32Cube_FW_WBA_V1.2.0RC2, STM32Cube_FW_WB_V1.15.0RC1, STM32Cube_FW_WB_V1.16.0, STM32Cube_FW_WB_V1.16.0RC2, STM32Cube_FW_WB_V1.18.0, STM32Cube_FW_WL_V1.3.0, X-CUBE-ALGOBUILD_V1.3.0, X-CUBE-ALS_V1.0.1, X-CUBE-AZRTOS-F4_V1.1.0, X-CUBE-AZRTOS-F7_V1.1.0, X-CUBE-AZRTOS-G0_V1.1.0, X-CUBE-AZRTOS-G4_V2.0.0, X-CUBE-AZRTOS-H7_V3.2.0, X-CUBE-AZRTOS-L4_V1.0.0, X-CUBE-AZRTOS-L4_V2.0.0, X-CUBE-AZRTOS-L5_V1.1.0, X-CUBE-AZRTOS-WB_V2.0.0, X-CUBE-AZRTOS-WL_V2.0.0, X-CUBE-BLE1_V7.0.0, X-CUBE-BLE2_V3.3.0, X-CUBE-BLEMGR_V3.0.0, X-CUBE-EEPRMA1_V4.1.0, X-CUBE-EEPRMA1_V4.2.0, X-CUBE-FREERTOS_V1.1.0, X-CUBE-GNSS1_V6.0.0, X-CUBE-MEMS1_V10.0.0, X-CUBE-MEMS1_V9.1.0, X-CUBE-MEMS1_V9.4.0, X-CUBE-MEMS1_V9.6.0, X-CUBE-NFC4_V3.0.0, X-CUBE-NFC7_V1.0.1, X-CUBE-SFXS2LP1_V4.0.0, X-CUBE-SUBG2_V5.0.0, X-CUBE-TOF1_V3.4.0]
2024-02-09 08:44:50,164 [INFO] DbBoardsSqlite:226 - include board P-NUCLEO-WB55-NUCLEO as a kit item of type 'Nucleo-64'
2024-02-09 08:44:50,165 [INFO] DbBoardsSqlite:226 - include board P-NUCLEO-WB55-USBDONGLE as a kit item of type 'Nucleo USB Dongle'
2024-02-09 08:44:50,165 [INFO] DbBoardsSqlite:226 - include board STEVAL-IDP005V1 as a kit item of type 'Evaluation Board'
2024-02-09 08:44:50,165 [INFO] DbBoardsSqlite:226 - include board STEVAL-IDP005V2 as a kit item of type 'Evaluation Board'
2024-02-09 08:44:50,200 [INFO] ApiDb:240 - Found 297 in-development CPN: [B-G473E-ZEST1S, B-WB1M-WPAN1, B-WL5M-SUBG1, NUCLEO-C031C6, NUCLEO-H503RB, NUCLEO-H563ZI, NUCLEO-U545RE-Q, NUCLEO-U5A5ZJ-Q, NUCLEO-WBA52CG, STEVAL-PROTEUS1, STEVAL-STWINBX1, STM320518-EVAL, STM32C0116-DK, STM32C011D6Y3TR, STM32C011D6Y6TR, STM32C011F4P3, STM32C011F4P6, STM32C011F4U3, STM32C011F4U6TR, STM32C011F6P3, STM32C011F6P6, STM32C011F6U3, STM32C011F6U6TR, STM32C011J4M3, STM32C011J4M6, STM32C011J6M3, STM32C011J6M6, STM32C0316-DK, STM32C031C4T3, STM32C031C4T6, STM32C031C4U3, STM32C031C4U6, STM32C031C6T3, STM32C031C6T6, STM32C031C6U3, STM32C031C6U6, STM32C031F4P3, STM32C031F4P6, STM32C031F6P3, STM32C031F6P6, STM32C031G4U3, STM32C031G4U6, STM32C031G6U3, STM32C031G6U6, STM32C031K4T3, STM32C031K4T6, STM32C031K4U3, STM32C031K4U6, STM32C031K6T3, STM32C031K6T6, STM32C031K6U3, STM32C031K6U6, STM32G071K8TXN, STM32G071K8UXN, STM32G081GBU6N, STM32G081KBT6N, STM32G081KBUXN, STM32G0B1CCT6N, STM32G0B1KCT6, STM32G0B1NEY6TR, STM32G0B1RCT6N, STM32G0C1CCT6, STM32G0C1CCT6N, STM32G0C1CCU6N, STM32G0C1CET6N, STM32G0C1CEU6N, STM32G0C1KCT6, STM32G0C1NEY6TR, STM32G0C1RCI6N, STM32G0C1RCT6N, STM32G0C1REI6N, STM32G0C1RET6N, STM32G0C1VCI6, STM32G0C1VEI6, STM32G471CCT6, STM32G471CCU6, STM32G471CET3, STM32G471CET6, STM32G471CEU3, STM32G471CEU6, STM32G471MCT6, STM32G471MET3, STM32G471MET6, STM32G471MEY6TR, STM32G471QCT6, STM32G471QET3, STM32G471RCT6, STM32G471RET3, STM32G471RET6, STM32G471VCH6, STM32G471VCI6, STM32G471VCT6, STM32G471VEH3, STM32G471VEH6, STM32G471VEI3, STM32G471VEI6, STM32G471VET3, STM32G471VET6, STM32G474CCT6, STM32H503CBT6, STM32H503CBU6, STM32H503EBY6TR, STM32H503KBU6, STM32H503RBT6, STM32H562AGI6, STM32H562AII6, STM32H562IGK6, STM32H562IGT6, STM32H562IIK6, STM32H562IIT6, STM32H562RGT6, STM32H562RGV6, STM32H562RIT6, STM32H562RIV6, STM32H562VGT6, STM32H562VIT6, STM32H562ZGT6, STM32H562ZIT6, STM32H563AGI6, STM32H563AII3Q, STM32H563AII6, STM32H563IGK6, STM32H563IGT6, STM32H563IIK3Q, STM32H563IIK6, STM32H563IIT3Q, STM32H563IIT6, STM32H563MIY3QTR, STM32H563RGT6, STM32H563RGV6, STM32H563RIT6, STM32H563RIV6, STM32H563VGT6, STM32H563VIT3Q, STM32H563VIT6, STM32H563ZGT6, STM32H563ZIT3Q, STM32H563ZIT6, STM32H573AII3Q, STM32H573AII6, STM32H573I-DK, STM32H573IIK3Q, STM32H573IIK6, STM32H573IIT3Q, STM32H573IIT6, STM32H573MIY3QTR, STM32H573RIT6, STM32H573RIV6, STM32H573VIT3Q, STM32H573VIT6, STM32H573ZIT3Q, STM32H573ZIT6, STM32L4R5QGI6STR, STM32MP131AAE3, STM32MP131AAF3, STM32MP131AAG3, STM32MP131CAE3, STM32MP131CAF3, STM32MP131CAG3, STM32MP131DAE7, STM32MP131DAF7, STM32MP131DAG7, STM32MP131FAE7, STM32MP131FAF7, STM32MP131FAG7, STM32MP133AAE3, STM32MP133AAF3, STM32MP133AAG3, STM32MP133CAE3, STM32MP133CAF3, STM32MP133CAG3, STM32MP133DAE7, STM32MP133DAF7, STM32MP133DAG7, STM32MP133FAE7, STM32MP133FAF7, STM32MP133FAG7, STM32MP135AAE3, STM32MP135AAF3, STM32MP135AAG3, STM32MP135CAE3, STM32MP135CAF3, STM32MP135CAG3, STM32MP135DAE7, STM32MP135DAF7, STM32MP135DAG7, STM32MP135F-DK, STM32MP135FAE7, STM32MP135FAF7, STM32MP135FAF7T, STM32MP135FAF7U, STM32MP135FAG7, STM32U535CBT6, STM32U535CBT6Q, STM32U535CBU6, STM32U535CBU6Q, STM32U535CCT6, STM32U535CCT6Q, STM32U535CCU6, STM32U535CCU6Q, STM32U535CET6, STM32U535CET6Q, STM32U535CEU6, STM32U535CEU6Q, STM32U535JEY6QTR, STM32U535NCY6QTR, STM32U535NEY6QTR, STM32U535RBI6, STM32U535RBI6Q, STM32U535RBT6, STM32U535RBT6Q, STM32U535RCI6, STM32U535RCI6Q, STM32U535RCT6, STM32U535RCT6Q, STM32U535REI6, STM32U535REI6Q, STM32U535RET6, STM32U535RET6Q, STM32U535VCI6, STM32U535VCI6Q, STM32U535VCT6, STM32U535VCT6Q, STM32U535VEI6, STM32U535VEI6Q, STM32U535VET6, STM32U535VET6Q, STM32U545CET6, STM32U545CET6Q, STM32U545CEU6, STM32U545CEU6Q, STM32U545JEY6QTR, STM32U545NEY6QTR, STM32U545REI6, STM32U545REI6Q, STM32U545RET6, STM32U545RET6Q, STM32U545VEI6, STM32U545VEI6Q, STM32U545VET6, STM32U545VET6Q, STM32U595AIH6, STM32U595AIH6Q, STM32U595AJH6, STM32U595AJH6Q, STM32U595QII6, STM32U595QII6Q, STM32U595QJI6, STM32U595QJI6Q, STM32U595RIT6, STM32U595RIT6Q, STM32U595RJT6, STM32U595RJT6Q, STM32U595VIT6, STM32U595VIT6Q, STM32U595VJT6, STM32U595VJT6Q, STM32U595ZIT6, STM32U595ZIT6Q, STM32U595ZIY6QTR, STM32U595ZJT6, STM32U595ZJT6Q, STM32U595ZJY6QTR, STM32U599BJY6QTR, STM32U599NIH6Q, STM32U599NJH6Q, STM32U599VIT6Q, STM32U599VJT6, STM32U599VJT6Q, STM32U599ZIT6Q, STM32U599ZIY6QTR, STM32U599ZJT6Q, STM32U599ZJY6QTR, STM32U5A5AJH6, STM32U5A5AJH6Q, STM32U5A5QJI6, STM32U5A5QJI6Q, STM32U5A5RJT6, STM32U5A5RJT6Q, STM32U5A5VJT6, STM32U5A5VJT6Q, STM32U5A5ZJT6, STM32U5A5ZJT6Q, STM32U5A5ZJY6QTR, STM32U5A9BJY6QTR, STM32U5A9J-DK, STM32U5A9NJH6Q, STM32U5A9VJT6Q, STM32U5A9ZJT6Q, STM32U5A9ZJY6QTR, STM32WB1MMCH6, STM32WBA52CEU6, STM32WBA52CEU6T, STM32WBA52CGU6, STM32WBA52CGU6T, STM32WL5MOCH6, STM32WL5MOCH6TR]
2024-02-09 08:44:50,287 [INFO] BoardInfo:880 - No configuration file found for board P-NUCLEO-WB55
2024-02-09 08:44:50,287 [INFO] DbBoards:157 - Kit is not supported: P-NUCLEO-WB55
2024-02-09 08:44:50,290 [INFO] BoardInfo:880 - No configuration file found for board STEVAL-BFA001V1B
2024-02-09 08:44:50,290 [INFO] DbBoards:157 - Kit is not supported: STEVAL-BFA001V1B
2024-02-09 08:44:50,290 [INFO] BoardInfo:880 - No configuration file found for board STEVAL-BFA001V2B
2024-02-09 08:44:50,290 [INFO] DbBoards:157 - Kit is not supported: STEVAL-BFA001V2B
2024-02-09 08:44:50,293 [INFO] BoardInfo:880 - No configuration file found for board STEVAL-MKBOXPRO
2024-02-09 08:44:50,293 [INFO] DbBoards:157 - Board is not supported: STEVAL-MKBOXPRO
2024-02-09 08:44:50,295 [INFO] BoardInfo:880 - No configuration file found for board STEVAL-SMARTAG2
2024-02-09 08:44:50,295 [INFO] DbBoards:157 - Board is not supported: STEVAL-SMARTAG2
2024-02-09 08:44:50,355 [INFO] DbBoards:161 - Found 189 boards, 184 are supported
2024-02-09 08:44:50,357 [INFO] ApiDb:414 - User favorites file not found: /home/eleve/.stm32cubeide/favorites.boards.txt
2024-02-09 08:44:50,358 [INFO] DbBoards:190 - Set 0 / 0 favorites Boards
2024-02-09 08:44:50,361 [INFO] ApiDb:668 - CubeFinder database Data Model version=2.1
2024-02-09 08:44:50,361 [INFO] ApiDb:669 - CubeFinder database Configuration version=3.0.39
2024-02-09 08:44:50,361 [INFO] ApiDb:670 - CubeFinder database generation date=2024-01-11 (1704964531)
2024-02-09 08:44:50,361 [INFO] ApiDb:671 - CubeFinder database FW Pack versions=[FP-ATR-ASTRA1_V2.0.0, FP-SNS-FLIGHT1_V5.0.1, FP-SNS-FLIGHT1_V5.0.2, FP-SNS-MOTENV1_V4.3.1, FP-SNS-MOTENV1_V4.3.2, FP-SNS-MOTENVWB1_V1.3.1, FP-SNS-SMARTAG2_V1.2.0, STM32Cube_FW_C0_V1.1.0, STM32Cube_FW_F4_V1.28.0, STM32Cube_FW_F7_V1.17.0, STM32Cube_FW_G0_V1.6.2, STM32Cube_FW_G4_V1.5.2, STM32Cube_FW_H5_V0.5.1, STM32Cube_FW_H5_V1.1.1, STM32Cube_FW_H5_V1.2.0RC2, STM32Cube_FW_H7_V1.11.0, STM32Cube_FW_L0_V1.12.2, STM32Cube_FW_L5_V1.5.0, STM32Cube_FW_U5_V1.3.0RC4, STM32Cube_FW_U5_V1.4.0, STM32Cube_FW_WBA_V1.0.0RC1, STM32Cube_FW_WBA_V1.1.0RC1, STM32Cube_FW_WBA_V1.2.0, STM32Cube_FW_WBA_V1.2.0RC2, STM32Cube_FW_WB_V1.15.0RC1, STM32Cube_FW_WB_V1.16.0, STM32Cube_FW_WB_V1.16.0RC2, STM32Cube_FW_WB_V1.18.0, STM32Cube_FW_WL_V1.3.0, X-CUBE-ALGOBUILD_V1.3.0, X-CUBE-ALS_V1.0.1, X-CUBE-AZRTOS-F4_V1.1.0, X-CUBE-AZRTOS-F7_V1.1.0, X-CUBE-AZRTOS-G0_V1.1.0, X-CUBE-AZRTOS-G4_V2.0.0, X-CUBE-AZRTOS-H7_V3.2.0, X-CUBE-AZRTOS-L4_V1.0.0, X-CUBE-AZRTOS-L4_V2.0.0, X-CUBE-AZRTOS-L5_V1.1.0, X-CUBE-AZRTOS-WB_V2.0.0, X-CUBE-AZRTOS-WL_V2.0.0, X-CUBE-BLE1_V7.0.0, X-CUBE-BLE2_V3.3.0, X-CUBE-BLEMGR_V3.0.0, X-CUBE-EEPRMA1_V4.1.0, X-CUBE-EEPRMA1_V4.2.0, X-CUBE-FREERTOS_V1.1.0, X-CUBE-GNSS1_V6.0.0, X-CUBE-MEMS1_V10.0.0, X-CUBE-MEMS1_V9.1.0, X-CUBE-MEMS1_V9.4.0, X-CUBE-MEMS1_V9.6.0, X-CUBE-NFC4_V3.0.0, X-CUBE-NFC7_V1.0.1, X-CUBE-SFXS2LP1_V4.0.0, X-CUBE-SUBG2_V5.0.0, X-CUBE-TOF1_V3.4.0]
2024-02-09 08:44:51,072 [ERROR] DbExamplesSqlite:418 - Missing JSON key: board_cpn
2024-02-09 08:44:51,072 [ERROR] DbExamplesSqlite:418 - Missing JSON key: board_cpn
2024-02-09 08:44:51,073 [ERROR] DbExamplesSqlite:418 - Missing JSON key: board_cpn
2024-02-09 08:44:51,073 [ERROR] DbExamplesSqlite:418 - Missing JSON key: board_cpn
2024-02-09 08:44:51,110 [INFO] DbExamplesSqlite:376 - Ignored 55 examples not supported by CubeIDE
2024-02-09 08:44:51,110 [INFO] DbExamplesSqlite:377 - Found 7560 examples active
2024-02-09 08:44:51,110 [INFO] DbExamplesSqlite:378 - Found 844 examples obsolete
2024-02-09 08:44:51,110 [INFO] DbExamplesSqlite:379 - Found 0 examples under development
2024-02-09 08:44:51,110 [INFO] DbExamplesSqlite:380 - Found 8 examples not building
2024-02-09 08:44:51,112 [INFO] DbExamples:125 - Found 7513 examples
2024-02-09 08:44:51,184 [ERROR] DbExamples:208 - Found 269 examples with invalid data (board or MCU)
2024-02-09 08:44:51,185 [INFO] DbExamples:222 - Found 92 boards with related examples
2024-02-09 08:44:51,185 [INFO] DbExamples:235 - Found 78 MCUs with related examples
2024-02-09 08:44:51,205 [INFO] ApiDb:414 - User favorites file not found: /home/eleve/.stm32cubeide/favorites.examples.txt
2024-02-09 08:44:51,206 [INFO] DbExamples:250 - Set 0 / 0 favorites Examples
2024-02-09 08:44:51,322 [INFO] McuFinderGlobals:66 - Set McuFinderConnectedMode to true
2024-02-09 08:44:51,329 [INFO] MultiScanPanel:200 - Auto-refresh data requested => check proxy status ongoing
2024-02-09 08:44:51,331 [INFO] FinderPluginLoader:95 - Searching for filters in installed packs
2024-02-09 08:44:52,483 [INFO] LoadUrlFilesThread:185 - End of LoadServerUrlFiles without Thread
2024-02-09 08:44:52,493 [INFO] DetailPanel:341 - Set advertising image to /home/eleve/STM32Cube/Repository//en.prom-stm32wl3-mcu-finder.jpg
2024-02-09 08:44:55,410 [INFO] MultiScanPanel:200 - Auto-refresh data requested => check proxy status ongoing
2024-02-09 08:44:55,530 [INFO] LoadUrlFilesThread:185 - End of LoadServerUrlFiles without Thread
2024-02-09 08:44:55,531 [INFO] DetailPanel:341 - Set advertising image to /home/eleve/STM32Cube/Repository//en.prom-stm32wl3-mcu-finder.jpg
2024-02-09 08:46:15,729 [INFO] MainUpdater:2854 - connection check result : 10
2024-02-09 08:46:15,729 [INFO] MainUpdater:2854 - connection check result : 10
2024-02-09 08:46:15,741 [INFO] MicroXplorer:468 - Change Database Path : 
2024-02-09 08:46:15,741 [INFO] MicroXplorer:498 - Change Database Version : DB.6.0.80
2024-02-09 08:46:15,741 [WARN] ThirdParty:871 - waiting for thirdparty lock release [close project]
2024-02-09 08:46:15,741 [INFO] ThirdParty:873 - entering critical section [close project]
2024-02-09 08:46:15,742 [INFO] ThirdParty:883 - exiting critical section [close project]
2024-02-09 08:46:15,745 [INFO] PinOutPanel:1499 - setPackage(No Configuration,No Configuration)
2024-02-09 08:46:15,750 [INFO] UtilMem:75 - Begin LoadConfig() Used Memory: 622664216 Bytes (767557632)
2024-02-09 08:46:15,752 [INFO] MicroXplorer:468 - Change Database Path : 
2024-02-09 08:46:15,752 [INFO] MicroXplorer:498 - Change Database Version : DB.6.0.80
2024-02-09 08:46:15,752 [INFO] OpenFileManager:308 - Change cursor
2024-02-09 08:46:15,775 [INFO] Mcu:1937 - Initializing MCU STM32L021K4Tx STM32L021K4Tx 
2024-02-09 08:46:15,776 [INFO] Mcu:1950 - No CPN specified => set CPN to STM32L021K4T6
2024-02-09 08:46:16,415 [INFO] Context:659 - Trying to add GPIOservice into a context  which must be forbidden
2024-02-09 08:46:16,676 [INFO] ImportTextPane:194 - (OptionalMessage_ERROR) Unable to find key (Mcu.ThirdPartyNb) in loaded IOC file
2024-02-09 08:46:16,676 [INFO] ImportTextPane:194 - (OptionalMessage_ERROR) Unable to find key (Mcu.PinsNb) in loaded IOC file
2024-02-09 08:46:16,676 [INFO] ImportTextPane:194 - (OptionalMessage_ERROR) Unable to find key (Mcu.IPNb) in loaded IOC file
2024-02-09 08:46:16,742 [INFO] RtosManager:555 - Registered RTOS mode: class=CMSIS, group=RTOS, mode=CMSIS_V1, owner=FREERTOS
2024-02-09 08:46:16,742 [INFO] RtosManager:555 - Registered RTOS mode: class=CMSIS, group=RTOS2, mode=CMSIS_V2, owner=FREERTOS
2024-02-09 08:46:16,743 [INFO] RtosManager:555 - Registered RTOS mode: class=RTOS, group=Core, mode=CMSIS_V1, owner=FREERTOS
2024-02-09 08:46:16,743 [INFO] RtosManager:555 - Registered RTOS mode: class=RTOS, group=Core, mode=CMSIS_V2, owner=FREERTOS
2024-02-09 08:46:16,743 [WARN] ModelIntegratedComponent:184 - Missing modes for component STMicroelectronics:FreeRTOS:0.0.1:STMicroelectronics:RTOS:FreeRTOS:Core:::10.2.0:
2024-02-09 08:46:16,765 [WARN] ModelIntegratedComponent:63 - No mode defined for component null
2024-02-09 08:46:16,766 [WARN] ModelIntegratedComponent:63 - No mode defined for component null
2024-02-09 08:46:16,766 [WARN] ModelIntegratedComponent:63 - No mode defined for component null
2024-02-09 08:46:16,766 [WARN] ModelIntegratedComponent:63 - No mode defined for component null
2024-02-09 08:46:16,766 [WARN] ModelIntegratedComponent:63 - No mode defined for component null
2024-02-09 08:46:16,766 [WARN] ModelIntegratedComponent:63 - No mode defined for component null
2024-02-09 08:46:16,766 [WARN] ModelIntegratedComponent:63 - No mode defined for component null
2024-02-09 08:46:16,766 [WARN] ModelIntegratedComponent:63 - No mode defined for component null
2024-02-09 08:46:16,766 [WARN] ModelIntegratedComponent:63 - No mode defined for component null
2024-02-09 08:46:16,766 [WARN] ModelIntegratedComponent:63 - No mode defined for component null
2024-02-09 08:46:16,766 [WARN] ModelIntegratedComponent:63 - No mode defined for component null
2024-02-09 08:46:16,766 [WARN] ModelIntegratedComponent:63 - No mode defined for component null
2024-02-09 08:46:16,766 [WARN] ModelIntegratedComponent:63 - No mode defined for component null
2024-02-09 08:46:16,766 [WARN] ModelIntegratedComponent:63 - No mode defined for component null
2024-02-09 08:46:16,766 [WARN] ModelIntegratedComponent:63 - No mode defined for component null
2024-02-09 08:46:16,766 [WARN] ModelIntegratedComponent:63 - No mode defined for component null
2024-02-09 08:46:16,767 [WARN] ModelIntegratedComponent:63 - No mode defined for component null
2024-02-09 08:46:16,767 [WARN] ModelIntegratedComponent:63 - No mode defined for component null
2024-02-09 08:46:16,767 [WARN] ModelIntegratedComponent:63 - No mode defined for component null
2024-02-09 08:46:16,767 [WARN] ModelIntegratedComponent:63 - No mode defined for component null
2024-02-09 08:46:16,767 [WARN] ModelIntegratedComponent:63 - No mode defined for component null
2024-02-09 08:46:16,767 [WARN] ModelIntegratedComponent:63 - No mode defined for component null
2024-02-09 08:46:16,767 [WARN] ModelIntegratedComponent:63 - No mode defined for component null
2024-02-09 08:46:16,767 [WARN] ModelIntegratedComponent:63 - No mode defined for component null
2024-02-09 08:46:16,767 [WARN] ModelIntegratedComponent:63 - No mode defined for component null
2024-02-09 08:46:16,767 [WARN] ModelIntegratedComponent:63 - No mode defined for component null
2024-02-09 08:46:16,767 [WARN] ModelIntegratedComponent:63 - No mode defined for component null
2024-02-09 08:46:16,767 [WARN] ModelIntegratedComponent:63 - No mode defined for component null
2024-02-09 08:46:16,767 [WARN] ModelIntegratedComponent:63 - No mode defined for component null
2024-02-09 08:46:16,767 [WARN] ModelIntegratedComponent:63 - No mode defined for component null
2024-02-09 08:46:16,767 [WARN] ModelIntegratedComponent:63 - No mode defined for component null
2024-02-09 08:46:16,767 [WARN] ModelIntegratedComponent:63 - No mode defined for component null
2024-02-09 08:46:16,767 [WARN] ModelIntegratedComponent:63 - No mode defined for component null
2024-02-09 08:46:16,967 [INFO] ThirdPartyModel:298 - Start build external matchings
2024-02-09 08:46:17,387 [INFO] ThirdPartyModel:316 - End build external matchings
2024-02-09 08:46:17,505 [INFO] UtilMem:75 - End LoadConfig() Used Memory: 641299416 Bytes (767557632)
2024-02-09 08:46:17,533 [WARN] ThirdParty:833 - waiting for thirdparty lock release [change project]
2024-02-09 08:46:17,534 [INFO] ThirdParty:835 - entering critical section [change project]
2024-02-09 08:46:17,534 [INFO] ThirdParty:1030 - CMSIS Pack Vendor :STMicroelectronics X-CUBE-GNSS1 6.0.0
2024-02-09 08:46:17,534 [INFO] ThirdParty:1030 - CMSIS Pack Vendor :STMicroelectronics USB_HOST 2.0.0
2024-02-09 08:46:17,534 [INFO] ThirdParty:1030 - CMSIS Pack Vendor :STMicroelectronics X-CUBE-AZRTOS-F4 1.1.0
2024-02-09 08:46:17,534 [INFO] ThirdParty:1030 - CMSIS Pack Vendor :STMicroelectronics LIBJPEG 8.0.0
2024-02-09 08:46:17,534 [INFO] ThirdParty:1030 - CMSIS Pack Vendor :STMicroelectronics X-CUBE-SMBUS 2.1.0
2024-02-09 08:46:17,534 [INFO] ThirdParty:1030 - CMSIS Pack Vendor :STMicroelectronics USB_DEVICE 3.0.0
2024-02-09 08:46:17,534 [INFO] ThirdParty:1030 - CMSIS Pack Vendor :STMicroelectronics X-CUBE-AZRTOS-WB 2.0.0
2024-02-09 08:46:17,534 [INFO] ThirdParty:1030 - CMSIS Pack Vendor :wolfSSL I-CUBE-wolfSSL 5.6.6
2024-02-09 08:46:17,534 [INFO] ThirdParty:1030 - CMSIS Pack Vendor :STMicroelectronics X-CUBE-TOUCHGFX 4.23.0
2024-02-09 08:46:17,534 [INFO] ThirdParty:1030 - CMSIS Pack Vendor :STMicroelectronics X-CUBE-AZRTOS-F7 1.1.0
2024-02-09 08:46:17,534 [INFO] ThirdParty:1030 - CMSIS Pack Vendor :STMicroelectronics X-CUBE-AZRTOS-L5 2.0.0
2024-02-09 08:46:17,534 [INFO] ThirdParty:1030 - CMSIS Pack Vendor :STMicroelectronics USB_DEVICE 2.0.0
2024-02-09 08:46:17,534 [INFO] ThirdParty:1030 - CMSIS Pack Vendor :ITTIA_DB I-CUBE-ITTIADB 8.8.0
2024-02-09 08:46:17,535 [INFO] ThirdParty:1030 - CMSIS Pack Vendor :STMicroelectronics FP-SNS-MOTENV1 4.3.2
2024-02-09 08:46:17,535 [INFO] ThirdParty:1030 - CMSIS Pack Vendor :STMicroelectronics X-CUBE-ALGOBUILD 1.3.0
2024-02-09 08:46:17,535 [INFO] ThirdParty:1030 - CMSIS Pack Vendor :STMicroelectronics FreeRTOS 0.0.1
2024-02-09 08:46:17,535 [INFO] ThirdParty:1030 - CMSIS Pack Vendor :STMicroelectronics X-CUBE-AZRTOS-G0 1.1.0
2024-02-09 08:46:17,535 [INFO] ThirdParty:1030 - CMSIS Pack Vendor :STMicroelectronics X-CUBE-NFC4 3.0.0
2024-02-09 08:46:17,535 [INFO] ThirdParty:1030 - CMSIS Pack Vendor :STMicroelectronics X-CUBE-SUBG2 5.0.0
2024-02-09 08:46:17,535 [INFO] ThirdParty:1030 - CMSIS Pack Vendor :STMicroelectronics STM32_WPAN 1.0.0
2024-02-09 08:46:17,535 [INFO] ThirdParty:1030 - CMSIS Pack Vendor :STMicroelectronics lwIP 2.0.3
2024-02-09 08:46:17,535 [INFO] ThirdParty:1030 - CMSIS Pack Vendor :STMicroelectronics FP-SNS-FLIGHT1 5.0.2
2024-02-09 08:46:17,535 [INFO] ThirdParty:1030 - CMSIS Pack Vendor :STMicroelectronics USB_HOST 1.0.0
2024-02-09 08:46:17,535 [INFO] ThirdParty:1030 - CMSIS Pack Vendor :STMicroelectronics X-CUBE-AZRTOS-G4 2.0.0
2024-02-09 08:46:17,535 [INFO] ThirdParty:1030 - CMSIS Pack Vendor :STMicroelectronics PDM2PCM 3.1.0
2024-02-09 08:46:17,535 [INFO] ThirdParty:1030 - CMSIS Pack Vendor :Infineon AIROC-Wi-Fi-Bluetooth-STM32 1.5.1
2024-02-09 08:46:17,535 [INFO] ThirdParty:1030 - CMSIS Pack Vendor :STMicroelectronics X-CUBE-BLEMGR 3.0.0
2024-02-09 08:46:17,535 [INFO] ThirdParty:1030 - CMSIS Pack Vendor :STMicroelectronics PDM2PCM 3.3.0
2024-02-09 08:46:17,535 [INFO] ThirdParty:1030 - CMSIS Pack Vendor :STMicroelectronics X-CUBE-DISPLAY 3.0.0
2024-02-09 08:46:17,535 [INFO] ThirdParty:1030 - CMSIS Pack Vendor :STMicroelectronics FP-SNS-MOTENVWB1 1.3.1
2024-02-09 08:46:17,536 [INFO] ThirdParty:1030 - CMSIS Pack Vendor :STMicroelectronics X-CUBE-BLE1 7.0.0
2024-02-09 08:46:17,536 [INFO] ThirdParty:1030 - CMSIS Pack Vendor :STMicroelectronics FP-ATR-SIGFOX1 3.2.0
2024-02-09 08:46:17,536 [INFO] ThirdParty:1030 - CMSIS Pack Vendor :STMicroelectronics X-CUBE-ISPU 2.0.0
2024-02-09 08:46:17,536 [INFO] ThirdParty:1030 - CMSIS Pack Vendor :STMicroelectronics X-CUBE-EEPRMA1 5.1.0
2024-02-09 08:46:17,536 [INFO] ThirdParty:1030 - CMSIS Pack Vendor :STMicroelectronics HAL Drivers 0.0.0
2024-02-09 08:46:17,536 [INFO] ThirdParty:1030 - CMSIS Pack Vendor :STMicroelectronics MBEDTLS 2.16.2
2024-02-09 08:46:17,536 [INFO] ThirdParty:1030 - CMSIS Pack Vendor :emotas I-CUBE-CANOPEN 1.3.0
2024-02-09 08:46:17,536 [INFO] ThirdParty:1030 - CMSIS Pack Vendor :STMicroelectronics X-CUBE-MEMS1 10.0.0
2024-02-09 08:46:17,536 [INFO] ThirdParty:1030 - CMSIS Pack Vendor :STMicroelectronics X-CUBE-FREERTOS 1.1.0
2024-02-09 08:46:17,536 [INFO] ThirdParty:1030 - CMSIS Pack Vendor :STMicroelectronics X-CUBE-NFC7 1.0.1
2024-02-09 08:46:17,536 [INFO] ThirdParty:1030 - CMSIS Pack Vendor :STMicroelectronics MBEDTLS 2.14.1
2024-02-09 08:46:17,536 [INFO] ThirdParty:1030 - CMSIS Pack Vendor :STMicroelectronics X-CUBE-NFC6 3.0.0
2024-02-09 08:46:17,536 [INFO] ThirdParty:1030 - CMSIS Pack Vendor :portGmbH I-Cube-SoM-uGOAL 1.1.0
2024-02-09 08:46:17,536 [INFO] ThirdParty:1030 - CMSIS Pack Vendor :STMicroelectronics X-CUBE-ALS 1.0.1
2024-02-09 08:46:17,536 [INFO] ThirdParty:1030 - CMSIS Pack Vendor :STMicroelectronics ThreadX 1.0.0
2024-02-09 08:46:17,536 [INFO] ThirdParty:1030 - CMSIS Pack Vendor :STMicroelectronics FP-SNS-SMARTAG2 1.2.0
2024-02-09 08:46:17,536 [INFO] ThirdParty:1030 - CMSIS Pack Vendor :STMicroelectronics X-CUBE-AZRTOS-WL 2.0.0
2024-02-09 08:46:17,537 [INFO] ThirdParty:1030 - CMSIS Pack Vendor :SEGGER I-CUBE-embOS 1.3.1
2024-02-09 08:46:17,537 [INFO] ThirdParty:1030 - CMSIS Pack Vendor :STMicroelectronics USB_DEVICE 1.0.0
2024-02-09 08:46:17,537 [INFO] ThirdParty:1030 - CMSIS Pack Vendor :STMicroelectronics X-CUBE-AI 8.1.0
2024-02-09 08:46:17,537 [INFO] ThirdParty:1030 - CMSIS Pack Vendor :STMicroelectronics X-CUBE-AZRTOS-L4 2.0.0
2024-02-09 08:46:17,537 [INFO] ThirdParty:1030 - CMSIS Pack Vendor :STMicroelectronics ThreadX 0.0.2
2024-02-09 08:46:17,537 [INFO] ThirdParty:1030 - CMSIS Pack Vendor :WES I-CUBE-Cesium 1.3.0
2024-02-09 08:46:17,537 [INFO] ThirdParty:1030 - CMSIS Pack Vendor :STMicroelectronics FP-ATR-ASTRA1 2.0.0
2024-02-09 08:46:17,537 [INFO] ThirdParty:1030 - CMSIS Pack Vendor :STMicroelectronics lwIP 2.1.2
2024-02-09 08:46:17,537 [INFO] ThirdParty:1030 - CMSIS Pack Vendor :STMicroelectronics X-CUBE-SFXS2LP1 4.0.0
2024-02-09 08:46:17,537 [INFO] ThirdParty:1030 - CMSIS Pack Vendor :STMicroelectronics X-CUBE-BLE2 3.3.0
2024-02-09 08:46:17,537 [INFO] ThirdParty:1030 - CMSIS Pack Vendor :STMicroelectronics X-CUBE-TOF1 3.4.0
2024-02-09 08:46:17,537 [INFO] ThirdParty:1030 - CMSIS Pack Vendor :STMicroelectronics X-CUBE-AZRTOS-H7 3.2.0
2024-02-09 08:46:17,537 [INFO] ThirdParty:1030 - CMSIS Pack Vendor :STMicroelectronics PDM2PCM 3.2.0
2024-02-09 08:46:17,537 [INFO] ThirdParty:841 - exiting critical section [change project]
2024-02-09 08:46:17,845 [INFO] PinOutPanel:1499 - setPackage(No Configuration,No Configuration)
2024-02-09 08:46:17,847 [INFO] PinOutPanel:1499 - setPackage(STM32L021K4Tx,LQFP32)
2024-02-09 08:46:18,575 [INFO] UtilMem:75 - Before build in PCC Used Memory: 563771560 Bytes (767557632)
2024-02-09 08:46:19,378 [INFO] UtilMem:75 - After build in PCC Used Memory: 655812880 Bytes (767557632)
2024-02-09 08:46:19,426 [INFO] IPUIPlugin:80 - create IPUIPlugin
2024-02-09 08:46:19,426 [INFO] IPUIPlugin:80 - create IPUIPlugin
2024-02-09 08:46:19,426 [INFO] IPUIPlugin:80 - create IPUIPlugin
2024-02-09 08:46:19,426 [INFO] IPUIPlugin:80 - create IPUIPlugin
2024-02-09 08:46:19,426 [INFO] IPUIPlugin:80 - create IPUIPlugin
2024-02-09 08:46:19,426 [INFO] IPUIPlugin:80 - create IPUIPlugin
2024-02-09 08:46:19,426 [INFO] IPUIPlugin:80 - create IPUIPlugin
2024-02-09 08:46:19,426 [INFO] IPUIPlugin:80 - create IPUIPlugin
2024-02-09 08:46:19,427 [INFO] IPUIPlugin:80 - create IPUIPlugin
2024-02-09 08:46:19,427 [INFO] IPUIPlugin:80 - create IPUIPlugin
2024-02-09 08:46:19,427 [INFO] IPUIPlugin:80 - create IPUIPlugin
2024-02-09 08:46:19,427 [INFO] IPUIPlugin:80 - create IPUIPlugin
2024-02-09 08:46:19,427 [INFO] IPUIPlugin:80 - create IPUIPlugin
2024-02-09 08:46:19,428 [INFO] IPUIPlugin:80 - create IPUIPlugin
2024-02-09 08:46:19,428 [INFO] IPUIPlugin:80 - create IPUIPlugin
2024-02-09 08:46:19,428 [INFO] IPUIPlugin:80 - create IPUIPlugin
2024-02-09 08:46:19,428 [INFO] IPUIPlugin:80 - create IPUIPlugin
2024-02-09 08:46:19,429 [INFO] IPUIPlugin:80 - create IPUIPlugin
2024-02-09 08:46:19,429 [INFO] IPUIPlugin:80 - create IPUIPlugin
2024-02-09 08:46:19,429 [INFO] IPUIPlugin:80 - create IPUIPlugin
2024-02-09 08:46:19,429 [INFO] IPUIPlugin:80 - create IPUIPlugin
2024-02-09 08:46:19,430 [INFO] IPUIPlugin:80 - create IPUIPlugin
2024-02-09 08:46:19,626 [INFO] CADModel:165 - CPN selected for project levelSTM32L021K4T6
2024-02-09 08:46:19,627 [INFO] CADModel:114 - Register for checkConnection events
2024-02-09 08:46:19,672 [INFO] OpenFileManager:328 - Restore cursor
2024-02-09 08:46:20,153 [INFO] UtilMem:75 - End SaveConfig() Used Memory: 631252544 Bytes (767557632)
2024-02-09 08:46:20,554 [INFO] ServerAccessManage:473 - Download File stm32cube_fw_l0_v1120.zip
2024-02-09 08:46:28,486 [ERROR] FileExtend:455 - File entry not found
2024-02-09 08:46:28,486 [INFO] FileExtend:240 - Unzip File : stm32cube_fw_l0_v1120.zip
2024-02-09 08:46:28,487 [INFO] FileExtend:255 - Standard Zip Deflate
2024-02-09 08:46:31,260 [INFO] ServerAccessManage:473 - Download File stm32cube_fw_l0_v1122.zip
2024-02-09 08:46:35,035 [INFO] FileExtend:240 - Unzip File : stm32cube_fw_l0_v1122.zip
2024-02-09 08:46:35,036 [INFO] FileExtend:255 - Standard Zip Deflate
2024-02-09 08:46:38,495 [INFO] LoadServerPackagesThread:196 - End of LoadServerPackages Thread
2024-02-09 08:46:38,625 [INFO] ThirdPartyModel:298 - Start build external matchings
2024-02-09 08:46:38,627 [INFO] UtilMem:75 - End SaveConfig() Used Memory: 815243528 Bytes (1073741824)
2024-02-09 08:46:39,040 [INFO] ThirdPartyModel:316 - End build external matchings
2024-02-09 08:46:39,048 [INFO] CheckServerUpdateThread:120 - End of CheckServer Thread
2024-02-09 08:46:39,235 [INFO] BlockDiagram:2759 - set Specific Code input for plugin: NVIC
2024-02-09 08:46:39,236 [INFO] BlockDiagram:2759 - set Specific Code input for plugin: RCC
2024-02-09 08:46:39,237 [INFO] CodeGenerator:793 - code generatio: config db path: /app/stm32cubeide/plugins/com.st.stm32cube.common.mx_6.8.0.202302231600//db/
2024-02-09 08:46:39,632 [INFO] CodeEngine:255 - oldGeneratedFile, /home/eleve/Documents/TP_SYSTEMEMICRO/digital_filter/MXTmpFiles/license.tmp_save
2024-02-09 08:46:40,034 [INFO] CodeEngine:279 - Generated code: /home/eleve/Documents/TP_SYSTEMEMICRO/digital_filter/MXTmpFiles/license.tmp
2024-02-09 08:46:40,045 [INFO] CodeEngine:255 - oldGeneratedFile, /home/eleve/Documents/TP_SYSTEMEMICRO/digital_filter/Core/Src/stm32l0xx_it.c_save
2024-02-09 08:46:40,201 [INFO] CodeEngine:279 - Generated code: /home/eleve/Documents/TP_SYSTEMEMICRO/digital_filter/Core/Src/stm32l0xx_it.c
2024-02-09 08:46:40,202 [INFO] CodeEngine:255 - oldGeneratedFile, /home/eleve/Documents/TP_SYSTEMEMICRO/digital_filter/Core/Inc/stm32l0xx_it.h_save
2024-02-09 08:46:40,275 [INFO] CodeEngine:279 - Generated code: /home/eleve/Documents/TP_SYSTEMEMICRO/digital_filter/Core/Inc/stm32l0xx_it.h
2024-02-09 08:46:40,335 [INFO] CodeEngine:255 - oldGeneratedFile, /home/eleve/Documents/TP_SYSTEMEMICRO/digital_filter/Core/Src/stm32l0xx_hal_msp.c_save
2024-02-09 08:46:40,433 [INFO] CodeEngine:279 - Generated code: /home/eleve/Documents/TP_SYSTEMEMICRO/digital_filter/Core/Src/stm32l0xx_hal_msp.c
2024-02-09 08:46:40,435 [INFO] CodeEngine:255 - oldGeneratedFile, /home/eleve/Documents/TP_SYSTEMEMICRO/digital_filter/MXTmpFiles/system.tmp_save
2024-02-09 08:46:40,491 [INFO] CodeEngine:279 - Generated code: /home/eleve/Documents/TP_SYSTEMEMICRO/digital_filter/MXTmpFiles/system.tmp
2024-02-09 08:46:40,494 [INFO] CodeEngine:311 - oldGeneratedFile, /home/eleve/Documents/TP_SYSTEMEMICRO/digital_filter/Core/Inc/stm32l0xx_hal_conf.h_save
2024-02-09 08:46:40,557 [INFO] CodeEngine:335 - Generated code: /home/eleve/Documents/TP_SYSTEMEMICRO/digital_filter/Core/Inc/stm32l0xx_hal_conf.h
2024-02-09 08:46:40,582 [INFO] CodeEngine:255 - oldGeneratedFile, /home/eleve/Documents/TP_SYSTEMEMICRO/digital_filter/Core/Inc/main.h_save
2024-02-09 08:46:40,652 [INFO] CodeEngine:279 - Generated code: /home/eleve/Documents/TP_SYSTEMEMICRO/digital_filter/Core/Inc/main.h
2024-02-09 08:46:40,654 [INFO] CodeEngine:255 - oldGeneratedFile, /home/eleve/Documents/TP_SYSTEMEMICRO/digital_filter/Core/Src/main.c_save
2024-02-09 08:46:40,748 [INFO] CodeEngine:279 - Generated code: /home/eleve/Documents/TP_SYSTEMEMICRO/digital_filter/Core/Src/main.c
2024-02-09 08:46:41,249 [INFO] ProjectBuilder:2996 - Time for Copy HAL[1] : 15mS.
2024-02-09 08:46:41,256 [INFO] ProjectBuilder:4304 - Project Generator version: 3.19.2
2024-02-09 08:46:41,487 [INFO] ConfigFileManager:1483 - The Die is : DIE457
2024-02-09 08:46:41,494 [INFO] ApiDbMcu:507 - Load IP Config File for FATFS
2024-02-09 08:46:41,501 [INFO] ApiDbMcu:507 - Load IP Config File for FREERTOS
2024-02-09 08:46:42,554 [INFO] LogOutputStream:77 - [STDOUT_REDIRECT] 
2024-02-09 08:46:44,493 [INFO] ProjectBuilder:4505 - Time for Generating toolchain IDE Files: 3237mS.
2024-02-09 08:46:44,494 [INFO] ProjectBuilder:2867 - Time for Copy CMSIS : 0mS.
2024-02-09 08:46:44,495 [INFO] ProjectBuilder:2867 - Time for Copy CMSIS : 0mS.
2024-02-09 08:46:45,195 [INFO] McuFinderGlobals:66 - Set McuFinderConnectedMode to true
2024-02-09 08:46:45,199 [INFO] ApiDb:448 - Save user favorites file /home/eleve/.stm32cubeide/favorites.mcus.txt: 0 item(s)
2024-02-09 08:46:45,199 [INFO] ApiDb:452 - User favorites MCUs=[]
2024-02-09 08:46:45,200 [INFO] ApiDb:448 - Save user favorites file /home/eleve/.stm32cubeide/favorites.boards.txt: 0 item(s)
2024-02-09 08:46:45,200 [INFO] ApiDb:452 - User favorites Boards=[]
2024-02-09 08:47:53,521 [WARN] IP:2113 - AutoBaudRateEnableParam not found: check if there is a RefParameter without a condition.
2024-02-09 08:47:53,526 [WARN] IP:2113 - AutoBaudRateEnableParam not found: check if there is a RefParameter without a condition.
2024-02-09 08:47:53,528 [WARN] IP:2113 - AutoBaudRateEnableParam not found: check if there is a RefParameter without a condition.
2024-02-09 08:47:53,675 [WARN] IP:2113 - AutoBaudRateEnableParam not found: check if there is a RefParameter without a condition.
2024-02-09 08:47:53,681 [WARN] IP:2113 - AutoBaudRateEnableParam not found: check if there is a RefParameter without a condition.
2024-02-09 08:49:18,598 [WARN] IP:2113 - AutoBaudRateEnableParam not found: check if there is a RefParameter without a condition.
2024-02-09 08:49:18,599 [WARN] IP:2113 - AutoBaudRateEnableParam not found: check if there is a RefParameter without a condition.
2024-02-09 08:49:18,746 [WARN] IP:2113 - AutoBaudRateEnableParam not found: check if there is a RefParameter without a condition.
2024-02-09 08:49:18,747 [WARN] IP:2113 - AutoBaudRateEnableParam not found: check if there is a RefParameter without a condition.
2024-02-09 08:49:37,351 [WARN] IP:2113 - AutoBaudRateEnableParam not found: check if there is a RefParameter without a condition.
2024-02-09 08:49:37,352 [WARN] IP:2113 - AutoBaudRateEnableParam not found: check if there is a RefParameter without a condition.
2024-02-09 08:50:27,008 [INFO] UtilMem:75 - End SaveConfig() Used Memory: 694927152 Bytes (1073741824)
2024-02-09 09:11:35,547 [INFO] SetLabelOnPin:382 - Can not restore dialog size for Dialog.
2024-02-09 09:14:26,563 [WARN] IP:2113 - AutoBaudRateEnableParam not found: check if there is a RefParameter without a condition.
2024-02-09 09:14:26,564 [WARN] IP:2113 - AutoBaudRateEnableParam not found: check if there is a RefParameter without a condition.
2024-02-09 09:14:26,610 [WARN] IP:2113 - AutoBaudRateEnableParam not found: check if there is a RefParameter without a condition.
2024-02-09 09:14:26,644 [WARN] IP:2113 - AutoBaudRateEnableParam not found: check if there is a RefParameter without a condition.
2024-02-09 09:14:28,813 [WARN] IP:2113 - AutoBaudRateEnableParam not found: check if there is a RefParameter without a condition.
2024-02-09 09:14:28,813 [WARN] IP:2113 - AutoBaudRateEnableParam not found: check if there is a RefParameter without a condition.
2024-02-09 09:14:28,882 [WARN] IP:2113 - AutoBaudRateEnableParam not found: check if there is a RefParameter without a condition.
2024-02-09 09:14:28,933 [WARN] IP:2113 - AutoBaudRateEnableParam not found: check if there is a RefParameter without a condition.
2024-02-09 09:15:08,149 [WARN] IP:2113 - AutoBaudRateEnableParam not found: check if there is a RefParameter without a condition.
2024-02-09 09:15:08,150 [WARN] IP:2113 - AutoBaudRateEnableParam not found: check if there is a RefParameter without a condition.
2024-02-09 09:15:08,192 [WARN] IP:2113 - AutoBaudRateEnableParam not found: check if there is a RefParameter without a condition.
2024-02-09 09:15:08,225 [WARN] IP:2113 - AutoBaudRateEnableParam not found: check if there is a RefParameter without a condition.
2024-02-09 09:15:10,847 [WARN] IP:2113 - AutoBaudRateEnableParam not found: check if there is a RefParameter without a condition.
2024-02-09 09:15:10,848 [WARN] IP:2113 - AutoBaudRateEnableParam not found: check if there is a RefParameter without a condition.
2024-02-09 09:15:10,891 [WARN] IP:2113 - AutoBaudRateEnableParam not found: check if there is a RefParameter without a condition.
2024-02-09 09:15:10,924 [WARN] IP:2113 - AutoBaudRateEnableParam not found: check if there is a RefParameter without a condition.
2024-02-09 09:16:43,256 [WARN] IP:2113 - AutoBaudRateEnableParam not found: check if there is a RefParameter without a condition.
2024-02-09 09:16:43,257 [WARN] IP:2113 - AutoBaudRateEnableParam not found: check if there is a RefParameter without a condition.
2024-02-09 09:16:43,303 [WARN] IP:2113 - AutoBaudRateEnableParam not found: check if there is a RefParameter without a condition.
2024-02-09 09:16:43,336 [WARN] IP:2113 - AutoBaudRateEnableParam not found: check if there is a RefParameter without a condition.
